The system is: Windows - 10.0.19044 - AMD64
Compiling the C compiler identification source file "CMakeCCompilerId.c" succeeded.
Compiler: C:/Users/MSI 203VN/.vscode/MinGW/bin/gcc.exe 
Build flags: 
Id flags:  

The output was:
0


Compilation of the C compiler identification source "CMakeCCompilerId.c" produced "a.exe"

The C compiler identification is GNU, found in "E:/CS162-project/build/CMakeFiles/3.25.0/CompilerIdC/a.exe"

Compiling the CXX compiler identification source file "CMakeCXXCompilerId.cpp" succeeded.
Compiler: C:/Users/MSI 203VN/.vscode/MinGW/bin/g++.exe 
Build flags: 
Id flags:  

The output was:
0


Compilation of the CXX compiler identification source "CMakeCXXCompilerId.cpp" produced "a.exe"

The CXX compiler identification is GNU, found in "E:/CS162-project/build/CMakeFiles/3.25.0/CompilerIdCXX/a.exe"

Detecting C compiler ABI info compiled with the following output:
Change Dir: E:/CS162-project/build/CMakeFiles/CMakeScratch/TryCompile-ygpdut

Run Build Command(s):C:/Users/MSI203~1/VSCODE~1/MinGW/bin/make.exe -f Makefile cmTC_d914c/fast && C:/Users/MSI203~1/VSCODE~1/MinGW/bin/make.exe  -f CMakeFiles/cmTC_d914c.dir/build.make CMakeFiles/cmTC_d914c.dir/build

make[1]: Entering directory 'E:/CS162-project/build/CMakeFiles/CMakeScratch/TryCompile-ygpdut'

Building C object CMakeFiles/cmTC_d914c.dir/CMakeCCompilerABI.c.obj

"C:/Users/MSI 203VN/.vscode/MinGW/bin/gcc.exe"   -v -o CMakeFiles/cmTC_d914c.dir/CMakeCCompilerABI.c.obj -c "C:/Program Files/CMake/share/cmake-3.25/Modules/CMakeCCompilerABI.c"

Using built-in specs.

COLLECT_GCC=C:/Users/MSI 203VN/.vscode/MinGW/bin/gcc.exe

Target: x86_64-w64-mingw32

Configured with: ../src/configure --enable-languages=c,c++ --build=x86_64-w64-mingw32 --host=x86_64-w64-mingw32 --target=x86_64-w64-mingw32 --disable-multilib --prefix=/c/temp/gcc/dest --with-sysroot=/c/temp/gcc/dest --disable-libstdcxx-pch --disable-libstdcxx-verbose --disable-nls --disable-shared --disable-win32-registry --enable-threads=posix --enable-libgomp --with-zstd=/c/mingw --disable-bootstrap

Thread model: posix

Supported LTO compression algorithms: zlib zstd

gcc version 11.2.0 (GCC) 

COLLECT_GCC_OPTIONS='-v' '-o' 'CMakeFiles/cmTC_d914c.dir/CMakeCCompilerABI.c.obj' '-c' '-mtune=generic' '-march=x86-64' '-dumpdir' 'CMakeFiles/cmTC_d914c.dir/'

 c:/users/msi 203vn/.vscode/mingw/bin/../libexec/gcc/x86_64-w64-mingw32/11.2.0/cc1.exe -quiet -v -iprefix c:\users\msi 203vn\.vscode\mingw\bin\../lib/gcc/x86_64-w64-mingw32/11.2.0/ -D_REENTRANT C:/Program Files/CMake/share/cmake-3.25/Modules/CMakeCCompilerABI.c -quiet -dumpdir CMakeFiles/cmTC_d914c.dir/ -dumpbase CMakeCCompilerABI.c.c -dumpbase-ext .c -mtune=generic -march=x86-64 -version -o C:\Users\MSI203~1\AppData\Local\Temp\ccZi2UsW.s

GNU C17 (GCC) version 11.2.0 (x86_64-w64-mingw32)

	compiled by GNU C version 11.2.0, GMP version 6.2.1, MPFR version 4.1.0-p13, MPC version 1.2.1, isl version isl-0.24-GMP



GGC heuristics: --param ggc-min-expand=100 --param ggc-min-heapsize=131072

ignoring duplicate directory "c:/users/msi 203vn/.vscode/mingw/lib/gcc/../../lib/gcc/x86_64-w64-mingw32/11.2.0/include"

ignoring nonexistent directory "C:/temp/gcc/destC:/temp/gcc/dest/lib/gcc/x86_64-w64-mingw32/11.2.0/../../../../include"

ignoring duplicate directory "c:/users/msi 203vn/.vscode/mingw/lib/gcc/../../lib/gcc/x86_64-w64-mingw32/11.2.0/include-fixed"

ignoring duplicate directory "c:/users/msi 203vn/.vscode/mingw/lib/gcc/../../lib/gcc/x86_64-w64-mingw32/11.2.0/../../../../x86_64-w64-mingw32/include"

ignoring nonexistent directory "C:/temp/gcc/dest/mingw/include"

#include "..." search starts here:

#include <...> search starts here:

 c:\users\msi 203vn\.vscode\mingw\bin\../lib/gcc/x86_64-w64-mingw32/11.2.0/include

 c:\users\msi 203vn\.vscode\mingw\bin\../lib/gcc/x86_64-w64-mingw32/11.2.0/include-fixed

 c:\users\msi 203vn\.vscode\mingw\bin\../lib/gcc/x86_64-w64-mingw32/11.2.0/../../../../x86_64-w64-mingw32/include

End of search list.

GNU C17 (GCC) version 11.2.0 (x86_64-w64-mingw32)

	compiled by GNU C version 11.2.0, GMP version 6.2.1, MPFR version 4.1.0-p13, MPC version 1.2.1, isl version isl-0.24-GMP



GGC heuristics: --param ggc-min-expand=100 --param ggc-min-heapsize=131072

Compiler executable checksum: aa5e9286a0fcea872ab39015bc6bba0c

COLLECT_GCC_OPTIONS='-v' '-o' 'CMakeFiles/cmTC_d914c.dir/CMakeCCompilerABI.c.obj' '-c' '-mtune=generic' '-march=x86-64' '-dumpdir' 'CMakeFiles/cmTC_d914c.dir/'

 c:/users/msi 203vn/.vscode/mingw/bin/../lib/gcc/x86_64-w64-mingw32/11.2.0/../../../../x86_64-w64-mingw32/bin/as.exe -v -o CMakeFiles/cmTC_d914c.dir/CMakeCCompilerABI.c.obj C:\Users\MSI203~1\AppData\Local\Temp\ccZi2UsW.s

GNU assembler version 2.37 (x86_64-w64-mingw32) using BFD version (GNU Binutils) 2.37

COMPILER_PATH=c:/users/msi 203vn/.vscode/mingw/bin/../libexec/gcc/x86_64-w64-mingw32/11.2.0/;c:/users/msi 203vn/.vscode/mingw/bin/../libexec/gcc/;c:/users/msi 203vn/.vscode/mingw/bin/../lib/gcc/x86_64-w64-mingw32/11.2.0/../../../../x86_64-w64-mingw32/bin/

LIBRARY_PATH=c:/users/msi 203vn/.vscode/mingw/bin/../lib/gcc/x86_64-w64-mingw32/11.2.0/;c:/users/msi 203vn/.vscode/mingw/bin/../lib/gcc/;c:/users/msi 203vn/.vscode/mingw/bin/../lib/gcc/x86_64-w64-mingw32/11.2.0/../../../../x86_64-w64-mingw32/lib/../lib/;c:/users/msi 203vn/.vscode/mingw/bin/../lib/gcc/x86_64-w64-mingw32/11.2.0/../../../../lib/;c:/users/msi 203vn/.vscode/mingw/bin/../lib/gcc/x86_64-w64-mingw32/11.2.0/../../../../x86_64-w64-mingw32/lib/;c:/users/msi 203vn/.vscode/mingw/bin/../lib/gcc/x86_64-w64-mingw32/11.2.0/../../../

COLLECT_GCC_OPTIONS='-v' '-o' 'CMakeFiles/cmTC_d914c.dir/CMakeCCompilerABI.c.obj' '-c' '-mtune=generic' '-march=x86-64' '-dumpdir' 'CMakeFiles/cmTC_d914c.dir/CMakeCCompilerABI.c.'

Linking C executable cmTC_d914c.exe

"C:/Program Files/CMake/bin/cmake.exe" -E rm -f CMakeFiles/cmTC_d914c.dir/objects.a

"C:/Users/MSI 203VN/.vscode/MinGW/bin/ar.exe" qc CMakeFiles/cmTC_d914c.dir/objects.a @CMakeFiles/cmTC_d914c.dir/objects1

"C:/Users/MSI 203VN/.vscode/MinGW/bin/gcc.exe"  -v -Wl,--whole-archive CMakeFiles/cmTC_d914c.dir/objects.a -Wl,--no-whole-archive -o cmTC_d914c.exe -Wl,--out-implib,libcmTC_d914c.dll.a -Wl,--major-image-version,0,--minor-image-version,0 

Using built-in specs.

COLLECT_GCC=C:/Users/MSI 203VN/.vscode/MinGW/bin/gcc.exe

COLLECT_LTO_WRAPPER=c:/users/msi\ 203vn/.vscode/mingw/bin/../libexec/gcc/x86_64-w64-mingw32/11.2.0/lto-wrapper.exe

Target: x86_64-w64-mingw32

Configured with: ../src/configure --enable-languages=c,c++ --build=x86_64-w64-mingw32 --host=x86_64-w64-mingw32 --target=x86_64-w64-mingw32 --disable-multilib --prefix=/c/temp/gcc/dest --with-sysroot=/c/temp/gcc/dest --disable-libstdcxx-pch --disable-libstdcxx-verbose --disable-nls --disable-shared --disable-win32-registry --enable-threads=posix --enable-libgomp --with-zstd=/c/mingw --disable-bootstrap

Thread model: posix

Supported LTO compression algorithms: zlib zstd

gcc version 11.2.0 (GCC) 

COMPILER_PATH=c:/users/msi 203vn/.vscode/mingw/bin/../libexec/gcc/x86_64-w64-mingw32/11.2.0/;c:/users/msi 203vn/.vscode/mingw/bin/../libexec/gcc/;c:/users/msi 203vn/.vscode/mingw/bin/../lib/gcc/x86_64-w64-mingw32/11.2.0/../../../../x86_64-w64-mingw32/bin/

LIBRARY_PATH=c:/users/msi 203vn/.vscode/mingw/bin/../lib/gcc/x86_64-w64-mingw32/11.2.0/;c:/users/msi 203vn/.vscode/mingw/bin/../lib/gcc/;c:/users/msi 203vn/.vscode/mingw/bin/../lib/gcc/x86_64-w64-mingw32/11.2.0/../../../../x86_64-w64-mingw32/lib/../lib/;c:/users/msi 203vn/.vscode/mingw/bin/../lib/gcc/x86_64-w64-mingw32/11.2.0/../../../../lib/;c:/users/msi 203vn/.vscode/mingw/bin/../lib/gcc/x86_64-w64-mingw32/11.2.0/../../../../x86_64-w64-mingw32/lib/;c:/users/msi 203vn/.vscode/mingw/bin/../lib/gcc/x86_64-w64-mingw32/11.2.0/../../../

COLLECT_GCC_OPTIONS='-v' '-o' 'cmTC_d914c.exe' '-mtune=generic' '-march=x86-64' '-dumpdir' 'cmTC_d914c.'

 c:/users/msi 203vn/.vscode/mingw/bin/../libexec/gcc/x86_64-w64-mingw32/11.2.0/collect2.exe -plugin c:/users/msi 203vn/.vscode/mingw/bin/../libexec/gcc/x86_64-w64-mingw32/11.2.0/liblto_plugin.dll -plugin-opt=c:/users/msi 203vn/.vscode/mingw/bin/../libexec/gcc/x86_64-w64-mingw32/11.2.0/lto-wrapper.exe -plugin-opt=-fresolution=C:\Users\MSI203~1\AppData\Local\Temp\ccFy1MUa.res -plugin-opt=-pass-through=-lmingw32 -plugin-opt=-pass-through=-lgcc -plugin-opt=-pass-through=-lmoldname -plugin-opt=-pass-through=-lmingwex -plugin-opt=-pass-through=-lmsvcrt -plugin-opt=-pass-through=-lkernel32 -plugin-opt=-pass-through=-lpthread -plugin-opt=-pass-through=-ladvapi32 -plugin-opt=-pass-through=-lshell32 -plugin-opt=-pass-through=-luser32 -plugin-opt=-pass-through=-lkernel32 -plugin-opt=-pass-through=-lmingw32 -plugin-opt=-pass-through=-lgcc -plugin-opt=-pass-through=-lmoldname -plugin-opt=-pass-through=-lmingwex -plugin-opt=-pass-through=-lmsvcrt -plugin-opt=-pass-through=-lkernel32 --sysroot=C:/temp/gcc/dest -m i386pep -Bdynamic -o cmTC_d914c.exe c:/users/msi 203vn/.vscode/mingw/bin/../lib/gcc/x86_64-w64-mingw32/11.2.0/../../../../x86_64-w64-mingw32/lib/../lib/crt2.o c:/users/msi 203vn/.vscode/mingw/bin/../lib/gcc/x86_64-w64-mingw32/11.2.0/crtbegin.o -Lc:/users/msi 203vn/.vscode/mingw/bin/../lib/gcc/x86_64-w64-mingw32/11.2.0 -Lc:/users/msi 203vn/.vscode/mingw/bin/../lib/gcc -Lc:/users/msi 203vn/.vscode/mingw/bin/../lib/gcc/x86_64-w64-mingw32/11.2.0/../../../../x86_64-w64-mingw32/lib/../lib -Lc:/users/msi 203vn/.vscode/mingw/bin/../lib/gcc/x86_64-w64-mingw32/11.2.0/../../../../lib -Lc:/users/msi 203vn/.vscode/mingw/bin/../lib/gcc/x86_64-w64-mingw32/11.2.0/../../../../x86_64-w64-mingw32/lib -Lc:/users/msi 203vn/.vscode/mingw/bin/../lib/gcc/x86_64-w64-mingw32/11.2.0/../../.. --whole-archive CMakeFiles/cmTC_d914c.dir/objects.a --no-whole-archive --out-implib libcmTC_d914c.dll.a --major-image-version 0 --minor-image-version 0 -lmingw32 -lgcc -lmoldname -lmingwex -lmsvcrt -lkernel32 -lpthread -ladvapi32 -lshell32 -luser32 -lkernel32 -lmingw32 -lgcc -lmoldname -lmingwex -lmsvcrt -lkernel32 c:/users/msi 203vn/.vscode/mingw/bin/../lib/gcc/x86_64-w64-mingw32/11.2.0/crtend.o

COLLECT_GCC_OPTIONS='-v' '-o' 'cmTC_d914c.exe' '-mtune=generic' '-march=x86-64' '-dumpdir' 'cmTC_d914c.'

make[1]: Leaving directory 'E:/CS162-project/build/CMakeFiles/CMakeScratch/TryCompile-ygpdut'




Parsed C implicit include dir info from above output: rv=done
  found start of include info
  found start of implicit include info
    add: [c:/users/msi 203vn/.vscode/mingw/bin/../lib/gcc/x86_64-w64-mingw32/11.2.0/include]
    add: [c:/users/msi 203vn/.vscode/mingw/bin/../lib/gcc/x86_64-w64-mingw32/11.2.0/include-fixed]
    add: [c:/users/msi 203vn/.vscode/mingw/bin/../lib/gcc/x86_64-w64-mingw32/11.2.0/../../../../x86_64-w64-mingw32/include]
  end of search list found
  collapse include dir [c:/users/msi 203vn/.vscode/mingw/bin/../lib/gcc/x86_64-w64-mingw32/11.2.0/include] ==> [C:/Users/MSI 203VN/.vscode/MinGW/lib/gcc/x86_64-w64-mingw32/11.2.0/include]
  collapse include dir [c:/users/msi 203vn/.vscode/mingw/bin/../lib/gcc/x86_64-w64-mingw32/11.2.0/include-fixed] ==> [C:/Users/MSI 203VN/.vscode/MinGW/lib/gcc/x86_64-w64-mingw32/11.2.0/include-fixed]
  collapse include dir [c:/users/msi 203vn/.vscode/mingw/bin/../lib/gcc/x86_64-w64-mingw32/11.2.0/../../../../x86_64-w64-mingw32/include] ==> [C:/Users/MSI 203VN/.vscode/MinGW/x86_64-w64-mingw32/include]
  implicit include dirs: [C:/Users/MSI 203VN/.vscode/MinGW/lib/gcc/x86_64-w64-mingw32/11.2.0/include;C:/Users/MSI 203VN/.vscode/MinGW/lib/gcc/x86_64-w64-mingw32/11.2.0/include-fixed;C:/Users/MSI 203VN/.vscode/MinGW/x86_64-w64-mingw32/include]


Parsed C implicit link information from above output:
  link line regex: [^( *|.*[/\])(ld\.exe|CMAKE_LINK_STARTFILE-NOTFOUND|([^/\]+-)?ld|collect2)[^/\]*( |$)]
  ignore line: [Change Dir: E:/CS162-project/build/CMakeFiles/CMakeScratch/TryCompile-ygpdut]
  ignore line: []
  ignore line: [Run Build Command(s):C:/Users/MSI203~1/VSCODE~1/MinGW/bin/make.exe -f Makefile cmTC_d914c/fast && C:/Users/MSI203~1/VSCODE~1/MinGW/bin/make.exe  -f CMakeFiles/cmTC_d914c.dir/build.make CMakeFiles/cmTC_d914c.dir/build]
  ignore line: [make[1]: Entering directory 'E:/CS162-project/build/CMakeFiles/CMakeScratch/TryCompile-ygpdut']
  ignore line: [Building C object CMakeFiles/cmTC_d914c.dir/CMakeCCompilerABI.c.obj]
  ignore line: ["C:/Users/MSI 203VN/.vscode/MinGW/bin/gcc.exe"   -v -o CMakeFiles/cmTC_d914c.dir/CMakeCCompilerABI.c.obj -c "C:/Program Files/CMake/share/cmake-3.25/Modules/CMakeCCompilerABI.c"]
  ignore line: [Using built-in specs.]
  ignore line: [COLLECT_GCC=C:/Users/MSI 203VN/.vscode/MinGW/bin/gcc.exe]
  ignore line: [Target: x86_64-w64-mingw32]
  ignore line: [Configured with: ../src/configure --enable-languages=c c++ --build=x86_64-w64-mingw32 --host=x86_64-w64-mingw32 --target=x86_64-w64-mingw32 --disable-multilib --prefix=/c/temp/gcc/dest --with-sysroot=/c/temp/gcc/dest --disable-libstdcxx-pch --disable-libstdcxx-verbose --disable-nls --disable-shared --disable-win32-registry --enable-threads=posix --enable-libgomp --with-zstd=/c/mingw --disable-bootstrap]
  ignore line: [Thread model: posix]
  ignore line: [Supported LTO compression algorithms: zlib zstd]
  ignore line: [gcc version 11.2.0 (GCC) ]
  ignore line: [COLLECT_GCC_OPTIONS='-v' '-o' 'CMakeFiles/cmTC_d914c.dir/CMakeCCompilerABI.c.obj' '-c' '-mtune=generic' '-march=x86-64' '-dumpdir' 'CMakeFiles/cmTC_d914c.dir/']
  ignore line: [ c:/users/msi 203vn/.vscode/mingw/bin/../libexec/gcc/x86_64-w64-mingw32/11.2.0/cc1.exe -quiet -v -iprefix c:\users\msi 203vn\.vscode\mingw\bin\../lib/gcc/x86_64-w64-mingw32/11.2.0/ -D_REENTRANT C:/Program Files/CMake/share/cmake-3.25/Modules/CMakeCCompilerABI.c -quiet -dumpdir CMakeFiles/cmTC_d914c.dir/ -dumpbase CMakeCCompilerABI.c.c -dumpbase-ext .c -mtune=generic -march=x86-64 -version -o C:\Users\MSI203~1\AppData\Local\Temp\ccZi2UsW.s]
  ignore line: [GNU C17 (GCC) version 11.2.0 (x86_64-w64-mingw32)]
  ignore line: [	compiled by GNU C version 11.2.0  GMP version 6.2.1  MPFR version 4.1.0-p13  MPC version 1.2.1  isl version isl-0.24-GMP]
  ignore line: []
  ignore line: [GGC heuristics: --param ggc-min-expand=100 --param ggc-min-heapsize=131072]
  ignore line: [ignoring duplicate directory "c:/users/msi 203vn/.vscode/mingw/lib/gcc/../../lib/gcc/x86_64-w64-mingw32/11.2.0/include"]
  ignore line: [ignoring nonexistent directory "C:/temp/gcc/destC:/temp/gcc/dest/lib/gcc/x86_64-w64-mingw32/11.2.0/../../../../include"]
  ignore line: [ignoring duplicate directory "c:/users/msi 203vn/.vscode/mingw/lib/gcc/../../lib/gcc/x86_64-w64-mingw32/11.2.0/include-fixed"]
  ignore line: [ignoring duplicate directory "c:/users/msi 203vn/.vscode/mingw/lib/gcc/../../lib/gcc/x86_64-w64-mingw32/11.2.0/../../../../x86_64-w64-mingw32/include"]
  ignore line: [ignoring nonexistent directory "C:/temp/gcc/dest/mingw/include"]
  ignore line: [#include "..." search starts here:]
  ignore line: [#include <...> search starts here:]
  ignore line: [ c:\users\msi 203vn\.vscode\mingw\bin\../lib/gcc/x86_64-w64-mingw32/11.2.0/include]
  ignore line: [ c:\users\msi 203vn\.vscode\mingw\bin\../lib/gcc/x86_64-w64-mingw32/11.2.0/include-fixed]
  ignore line: [ c:\users\msi 203vn\.vscode\mingw\bin\../lib/gcc/x86_64-w64-mingw32/11.2.0/../../../../x86_64-w64-mingw32/include]
  ignore line: [End of search list.]
  ignore line: [GNU C17 (GCC) version 11.2.0 (x86_64-w64-mingw32)]
  ignore line: [	compiled by GNU C version 11.2.0  GMP version 6.2.1  MPFR version 4.1.0-p13  MPC version 1.2.1  isl version isl-0.24-GMP]
  ignore line: []
  ignore line: [GGC heuristics: --param ggc-min-expand=100 --param ggc-min-heapsize=131072]
  ignore line: [Compiler executable checksum: aa5e9286a0fcea872ab39015bc6bba0c]
  ignore line: [COLLECT_GCC_OPTIONS='-v' '-o' 'CMakeFiles/cmTC_d914c.dir/CMakeCCompilerABI.c.obj' '-c' '-mtune=generic' '-march=x86-64' '-dumpdir' 'CMakeFiles/cmTC_d914c.dir/']
  ignore line: [ c:/users/msi 203vn/.vscode/mingw/bin/../lib/gcc/x86_64-w64-mingw32/11.2.0/../../../../x86_64-w64-mingw32/bin/as.exe -v -o CMakeFiles/cmTC_d914c.dir/CMakeCCompilerABI.c.obj C:\Users\MSI203~1\AppData\Local\Temp\ccZi2UsW.s]
  ignore line: [GNU assembler version 2.37 (x86_64-w64-mingw32) using BFD version (GNU Binutils) 2.37]
  ignore line: [COMPILER_PATH=c:/users/msi 203vn/.vscode/mingw/bin/../libexec/gcc/x86_64-w64-mingw32/11.2.0/]
  ignore line: [c:/users/msi 203vn/.vscode/mingw/bin/../libexec/gcc/]
  ignore line: [c:/users/msi 203vn/.vscode/mingw/bin/../lib/gcc/x86_64-w64-mingw32/11.2.0/../../../../x86_64-w64-mingw32/bin/]
  ignore line: [LIBRARY_PATH=c:/users/msi 203vn/.vscode/mingw/bin/../lib/gcc/x86_64-w64-mingw32/11.2.0/]
  ignore line: [c:/users/msi 203vn/.vscode/mingw/bin/../lib/gcc/]
  ignore line: [c:/users/msi 203vn/.vscode/mingw/bin/../lib/gcc/x86_64-w64-mingw32/11.2.0/../../../../x86_64-w64-mingw32/lib/../lib/]
  ignore line: [c:/users/msi 203vn/.vscode/mingw/bin/../lib/gcc/x86_64-w64-mingw32/11.2.0/../../../../lib/]
  ignore line: [c:/users/msi 203vn/.vscode/mingw/bin/../lib/gcc/x86_64-w64-mingw32/11.2.0/../../../../x86_64-w64-mingw32/lib/]
  ignore line: [c:/users/msi 203vn/.vscode/mingw/bin/../lib/gcc/x86_64-w64-mingw32/11.2.0/../../../]
  ignore line: [COLLECT_GCC_OPTIONS='-v' '-o' 'CMakeFiles/cmTC_d914c.dir/CMakeCCompilerABI.c.obj' '-c' '-mtune=generic' '-march=x86-64' '-dumpdir' 'CMakeFiles/cmTC_d914c.dir/CMakeCCompilerABI.c.']
  ignore line: [Linking C executable cmTC_d914c.exe]
  ignore line: ["C:/Program Files/CMake/bin/cmake.exe" -E rm -f CMakeFiles/cmTC_d914c.dir/objects.a]
  ignore line: ["C:/Users/MSI 203VN/.vscode/MinGW/bin/ar.exe" qc CMakeFiles/cmTC_d914c.dir/objects.a @CMakeFiles/cmTC_d914c.dir/objects1]
  ignore line: ["C:/Users/MSI 203VN/.vscode/MinGW/bin/gcc.exe"  -v -Wl --whole-archive CMakeFiles/cmTC_d914c.dir/objects.a -Wl --no-whole-archive -o cmTC_d914c.exe -Wl --out-implib libcmTC_d914c.dll.a -Wl --major-image-version 0 --minor-image-version 0 ]
  ignore line: [Using built-in specs.]
  ignore line: [COLLECT_GCC=C:/Users/MSI 203VN/.vscode/MinGW/bin/gcc.exe]
  ignore line: [COLLECT_LTO_WRAPPER=c:/users/msi\ 203vn/.vscode/mingw/bin/../libexec/gcc/x86_64-w64-mingw32/11.2.0/lto-wrapper.exe]
  ignore line: [Target: x86_64-w64-mingw32]
  ignore line: [Configured with: ../src/configure --enable-languages=c c++ --build=x86_64-w64-mingw32 --host=x86_64-w64-mingw32 --target=x86_64-w64-mingw32 --disable-multilib --prefix=/c/temp/gcc/dest --with-sysroot=/c/temp/gcc/dest --disable-libstdcxx-pch --disable-libstdcxx-verbose --disable-nls --disable-shared --disable-win32-registry --enable-threads=posix --enable-libgomp --with-zstd=/c/mingw --disable-bootstrap]
  ignore line: [Thread model: posix]
  ignore line: [Supported LTO compression algorithms: zlib zstd]
  ignore line: [gcc version 11.2.0 (GCC) ]
  ignore line: [COMPILER_PATH=c:/users/msi 203vn/.vscode/mingw/bin/../libexec/gcc/x86_64-w64-mingw32/11.2.0/]
  ignore line: [c:/users/msi 203vn/.vscode/mingw/bin/../libexec/gcc/]
  ignore line: [c:/users/msi 203vn/.vscode/mingw/bin/../lib/gcc/x86_64-w64-mingw32/11.2.0/../../../../x86_64-w64-mingw32/bin/]
  ignore line: [LIBRARY_PATH=c:/users/msi 203vn/.vscode/mingw/bin/../lib/gcc/x86_64-w64-mingw32/11.2.0/]
  ignore line: [c:/users/msi 203vn/.vscode/mingw/bin/../lib/gcc/]
  ignore line: [c:/users/msi 203vn/.vscode/mingw/bin/../lib/gcc/x86_64-w64-mingw32/11.2.0/../../../../x86_64-w64-mingw32/lib/../lib/]
  ignore line: [c:/users/msi 203vn/.vscode/mingw/bin/../lib/gcc/x86_64-w64-mingw32/11.2.0/../../../../lib/]
  ignore line: [c:/users/msi 203vn/.vscode/mingw/bin/../lib/gcc/x86_64-w64-mingw32/11.2.0/../../../../x86_64-w64-mingw32/lib/]
  ignore line: [c:/users/msi 203vn/.vscode/mingw/bin/../lib/gcc/x86_64-w64-mingw32/11.2.0/../../../]
  ignore line: [COLLECT_GCC_OPTIONS='-v' '-o' 'cmTC_d914c.exe' '-mtune=generic' '-march=x86-64' '-dumpdir' 'cmTC_d914c.']
  ignore line: [ c:/users/msi 203vn/.vscode/mingw/bin/../libexec/gcc/x86_64-w64-mingw32/11.2.0/collect2.exe -plugin c:/users/msi 203vn/.vscode/mingw/bin/../libexec/gcc/x86_64-w64-mingw32/11.2.0/liblto_plugin.dll -plugin-opt=c:/users/msi 203vn/.vscode/mingw/bin/../libexec/gcc/x86_64-w64-mingw32/11.2.0/lto-wrapper.exe -plugin-opt=-fresolution=C:\Users\MSI203~1\AppData\Local\Temp\ccFy1MUa.res -plugin-opt=-pass-through=-lmingw32 -plugin-opt=-pass-through=-lgcc -plugin-opt=-pass-through=-lmoldname -plugin-opt=-pass-through=-lmingwex -plugin-opt=-pass-through=-lmsvcrt -plugin-opt=-pass-through=-lkernel32 -plugin-opt=-pass-through=-lpthread -plugin-opt=-pass-through=-ladvapi32 -plugin-opt=-pass-through=-lshell32 -plugin-opt=-pass-through=-luser32 -plugin-opt=-pass-through=-lkernel32 -plugin-opt=-pass-through=-lmingw32 -plugin-opt=-pass-through=-lgcc -plugin-opt=-pass-through=-lmoldname -plugin-opt=-pass-through=-lmingwex -plugin-opt=-pass-through=-lmsvcrt -plugin-opt=-pass-through=-lkernel32 --sysroot=C:/temp/gcc/dest -m i386pep -Bdynamic -o cmTC_d914c.exe c:/users/msi 203vn/.vscode/mingw/bin/../lib/gcc/x86_64-w64-mingw32/11.2.0/../../../../x86_64-w64-mingw32/lib/../lib/crt2.o c:/users/msi 203vn/.vscode/mingw/bin/../lib/gcc/x86_64-w64-mingw32/11.2.0/crtbegin.o -Lc:/users/msi 203vn/.vscode/mingw/bin/../lib/gcc/x86_64-w64-mingw32/11.2.0 -Lc:/users/msi 203vn/.vscode/mingw/bin/../lib/gcc -Lc:/users/msi 203vn/.vscode/mingw/bin/../lib/gcc/x86_64-w64-mingw32/11.2.0/../../../../x86_64-w64-mingw32/lib/../lib -Lc:/users/msi 203vn/.vscode/mingw/bin/../lib/gcc/x86_64-w64-mingw32/11.2.0/../../../../lib -Lc:/users/msi 203vn/.vscode/mingw/bin/../lib/gcc/x86_64-w64-mingw32/11.2.0/../../../../x86_64-w64-mingw32/lib -Lc:/users/msi 203vn/.vscode/mingw/bin/../lib/gcc/x86_64-w64-mingw32/11.2.0/../../.. --whole-archive CMakeFiles/cmTC_d914c.dir/objects.a --no-whole-archive --out-implib libcmTC_d914c.dll.a --major-image-version 0 --minor-image-version 0 -lmingw32 -lgcc -lmoldname -lmingwex -lmsvcrt -lkernel32 -lpthread -ladvapi32 -lshell32 -luser32 -lkernel32 -lmingw32 -lgcc -lmoldname -lmingwex -lmsvcrt -lkernel32 c:/users/msi 203vn/.vscode/mingw/bin/../lib/gcc/x86_64-w64-mingw32/11.2.0/crtend.o]
  ignore line: [COLLECT_GCC_OPTIONS='-v' '-o' 'cmTC_d914c.exe' '-mtune=generic' '-march=x86-64' '-dumpdir' 'cmTC_d914c.']
  ignore line: [make[1]: Leaving directory 'E:/CS162-project/build/CMakeFiles/CMakeScratch/TryCompile-ygpdut']
  ignore line: []
  ignore line: []
  implicit libs: []
  implicit objs: []
  implicit dirs: []
  implicit fwks: []


Detecting CXX compiler ABI info compiled with the following output:
Change Dir: E:/CS162-project/build/CMakeFiles/CMakeScratch/TryCompile-harat8

Run Build Command(s):C:/Users/MSI203~1/VSCODE~1/MinGW/bin/make.exe -f Makefile cmTC_ea414/fast && C:/Users/MSI203~1/VSCODE~1/MinGW/bin/make.exe  -f CMakeFiles/cmTC_ea414.dir/build.make CMakeFiles/cmTC_ea414.dir/build

make[1]: Entering directory 'E:/CS162-project/build/CMakeFiles/CMakeScratch/TryCompile-harat8'

Building CXX object CMakeFiles/cmTC_ea414.dir/CMakeCXXCompilerABI.cpp.obj

"C:/Users/MSI 203VN/.vscode/MinGW/bin/g++.exe"   -v -o CMakeFiles/cmTC_ea414.dir/CMakeCXXCompilerABI.cpp.obj -c "C:/Program Files/CMake/share/cmake-3.25/Modules/CMakeCXXCompilerABI.cpp"

Using built-in specs.

COLLECT_GCC=C:/Users/MSI 203VN/.vscode/MinGW/bin/g++.exe

Target: x86_64-w64-mingw32

Configured with: ../src/configure --enable-languages=c,c++ --build=x86_64-w64-mingw32 --host=x86_64-w64-mingw32 --target=x86_64-w64-mingw32 --disable-multilib --prefix=/c/temp/gcc/dest --with-sysroot=/c/temp/gcc/dest --disable-libstdcxx-pch --disable-libstdcxx-verbose --disable-nls --disable-shared --disable-win32-registry --enable-threads=posix --enable-libgomp --with-zstd=/c/mingw --disable-bootstrap

Thread model: posix

Supported LTO compression algorithms: zlib zstd

gcc version 11.2.0 (GCC) 

COLLECT_GCC_OPTIONS='-v' '-o' 'CMakeFiles/cmTC_ea414.dir/CMakeCXXCompilerABI.cpp.obj' '-c' '-mtune=generic' '-march=x86-64' '-dumpdir' 'CMakeFiles/cmTC_ea414.dir/'

 c:/users/msi 203vn/.vscode/mingw/bin/../libexec/gcc/x86_64-w64-mingw32/11.2.0/cc1plus.exe -quiet -v -iprefix c:\users\msi 203vn\.vscode\mingw\bin\../lib/gcc/x86_64-w64-mingw32/11.2.0/ -D_REENTRANT C:/Program Files/CMake/share/cmake-3.25/Modules/CMakeCXXCompilerABI.cpp -quiet -dumpdir CMakeFiles/cmTC_ea414.dir/ -dumpbase CMakeCXXCompilerABI.cpp.cpp -dumpbase-ext .cpp -mtune=generic -march=x86-64 -version -o C:\Users\MSI203~1\AppData\Local\Temp\cc2LRpTj.s

GNU C++17 (GCC) version 11.2.0 (x86_64-w64-mingw32)

	compiled by GNU C version 11.2.0, GMP version 6.2.1, MPFR version 4.1.0-p13, MPC version 1.2.1, isl version isl-0.24-GMP



GGC heuristics: --param ggc-min-expand=100 --param ggc-min-heapsize=131072

ignoring duplicate directory "c:/users/msi 203vn/.vscode/mingw/lib/gcc/../../lib/gcc/x86_64-w64-mingw32/11.2.0/../../../../include/c++/11.2.0"

ignoring duplicate directory "c:/users/msi 203vn/.vscode/mingw/lib/gcc/../../lib/gcc/x86_64-w64-mingw32/11.2.0/../../../../include/c++/11.2.0/x86_64-w64-mingw32"

ignoring duplicate directory "c:/users/msi 203vn/.vscode/mingw/lib/gcc/../../lib/gcc/x86_64-w64-mingw32/11.2.0/../../../../include/c++/11.2.0/backward"

ignoring duplicate directory "c:/users/msi 203vn/.vscode/mingw/lib/gcc/../../lib/gcc/x86_64-w64-mingw32/11.2.0/include"

ignoring nonexistent directory "C:/temp/gcc/destC:/temp/gcc/dest/lib/gcc/x86_64-w64-mingw32/11.2.0/../../../../include"

ignoring duplicate directory "c:/users/msi 203vn/.vscode/mingw/lib/gcc/../../lib/gcc/x86_64-w64-mingw32/11.2.0/include-fixed"

ignoring duplicate directory "c:/users/msi 203vn/.vscode/mingw/lib/gcc/../../lib/gcc/x86_64-w64-mingw32/11.2.0/../../../../x86_64-w64-mingw32/include"

ignoring nonexistent directory "C:/temp/gcc/dest/mingw/include"

#include "..." search starts here:

#include <...> search starts here:

 c:\users\msi 203vn\.vscode\mingw\bin\../lib/gcc/x86_64-w64-mingw32/11.2.0/../../../../include/c++/11.2.0

 c:\users\msi 203vn\.vscode\mingw\bin\../lib/gcc/x86_64-w64-mingw32/11.2.0/../../../../include/c++/11.2.0/x86_64-w64-mingw32

 c:\users\msi 203vn\.vscode\mingw\bin\../lib/gcc/x86_64-w64-mingw32/11.2.0/../../../../include/c++/11.2.0/backward

 c:\users\msi 203vn\.vscode\mingw\bin\../lib/gcc/x86_64-w64-mingw32/11.2.0/include

 c:\users\msi 203vn\.vscode\mingw\bin\../lib/gcc/x86_64-w64-mingw32/11.2.0/include-fixed

 c:\users\msi 203vn\.vscode\mingw\bin\../lib/gcc/x86_64-w64-mingw32/11.2.0/../../../../x86_64-w64-mingw32/include

End of search list.

GNU C++17 (GCC) version 11.2.0 (x86_64-w64-mingw32)

	compiled by GNU C version 11.2.0, GMP version 6.2.1, MPFR version 4.1.0-p13, MPC version 1.2.1, isl version isl-0.24-GMP



GGC heuristics: --param ggc-min-expand=100 --param ggc-min-heapsize=131072

Compiler executable checksum: 0020e270c5508fbf7dab225494ee95ff

COLLECT_GCC_OPTIONS='-v' '-o' 'CMakeFiles/cmTC_ea414.dir/CMakeCXXCompilerABI.cpp.obj' '-c' '-mtune=generic' '-march=x86-64' '-dumpdir' 'CMakeFiles/cmTC_ea414.dir/'

 c:/users/msi 203vn/.vscode/mingw/bin/../lib/gcc/x86_64-w64-mingw32/11.2.0/../../../../x86_64-w64-mingw32/bin/as.exe -v -o CMakeFiles/cmTC_ea414.dir/CMakeCXXCompilerABI.cpp.obj C:\Users\MSI203~1\AppData\Local\Temp\cc2LRpTj.s

GNU assembler version 2.37 (x86_64-w64-mingw32) using BFD version (GNU Binutils) 2.37

COMPILER_PATH=c:/users/msi 203vn/.vscode/mingw/bin/../libexec/gcc/x86_64-w64-mingw32/11.2.0/;c:/users/msi 203vn/.vscode/mingw/bin/../libexec/gcc/;c:/users/msi 203vn/.vscode/mingw/bin/../lib/gcc/x86_64-w64-mingw32/11.2.0/../../../../x86_64-w64-mingw32/bin/

LIBRARY_PATH=c:/users/msi 203vn/.vscode/mingw/bin/../lib/gcc/x86_64-w64-mingw32/11.2.0/;c:/users/msi 203vn/.vscode/mingw/bin/../lib/gcc/;c:/users/msi 203vn/.vscode/mingw/bin/../lib/gcc/x86_64-w64-mingw32/11.2.0/../../../../x86_64-w64-mingw32/lib/../lib/;c:/users/msi 203vn/.vscode/mingw/bin/../lib/gcc/x86_64-w64-mingw32/11.2.0/../../../../lib/;c:/users/msi 203vn/.vscode/mingw/bin/../lib/gcc/x86_64-w64-mingw32/11.2.0/../../../../x86_64-w64-mingw32/lib/;c:/users/msi 203vn/.vscode/mingw/bin/../lib/gcc/x86_64-w64-mingw32/11.2.0/../../../

COLLECT_GCC_OPTIONS='-v' '-o' 'CMakeFiles/cmTC_ea414.dir/CMakeCXXCompilerABI.cpp.obj' '-c' '-mtune=generic' '-march=x86-64' '-dumpdir' 'CMakeFiles/cmTC_ea414.dir/CMakeCXXCompilerABI.cpp.'

Linking CXX executable cmTC_ea414.exe

"C:/Program Files/CMake/bin/cmake.exe" -E rm -f CMakeFiles/cmTC_ea414.dir/objects.a

"C:/Users/MSI 203VN/.vscode/MinGW/bin/ar.exe" qc CMakeFiles/cmTC_ea414.dir/objects.a @CMakeFiles/cmTC_ea414.dir/objects1

"C:/Users/MSI 203VN/.vscode/MinGW/bin/g++.exe"  -v -Wl,--whole-archive CMakeFiles/cmTC_ea414.dir/objects.a -Wl,--no-whole-archive -o cmTC_ea414.exe -Wl,--out-implib,libcmTC_ea414.dll.a -Wl,--major-image-version,0,--minor-image-version,0 

Using built-in specs.

COLLECT_GCC=C:/Users/MSI 203VN/.vscode/MinGW/bin/g++.exe

COLLECT_LTO_WRAPPER=c:/users/msi\ 203vn/.vscode/mingw/bin/../libexec/gcc/x86_64-w64-mingw32/11.2.0/lto-wrapper.exe

Target: x86_64-w64-mingw32

Configured with: ../src/configure --enable-languages=c,c++ --build=x86_64-w64-mingw32 --host=x86_64-w64-mingw32 --target=x86_64-w64-mingw32 --disable-multilib --prefix=/c/temp/gcc/dest --with-sysroot=/c/temp/gcc/dest --disable-libstdcxx-pch --disable-libstdcxx-verbose --disable-nls --disable-shared --disable-win32-registry --enable-threads=posix --enable-libgomp --with-zstd=/c/mingw --disable-bootstrap

Thread model: posix

Supported LTO compression algorithms: zlib zstd

gcc version 11.2.0 (GCC) 

COMPILER_PATH=c:/users/msi 203vn/.vscode/mingw/bin/../libexec/gcc/x86_64-w64-mingw32/11.2.0/;c:/users/msi 203vn/.vscode/mingw/bin/../libexec/gcc/;c:/users/msi 203vn/.vscode/mingw/bin/../lib/gcc/x86_64-w64-mingw32/11.2.0/../../../../x86_64-w64-mingw32/bin/

LIBRARY_PATH=c:/users/msi 203vn/.vscode/mingw/bin/../lib/gcc/x86_64-w64-mingw32/11.2.0/;c:/users/msi 203vn/.vscode/mingw/bin/../lib/gcc/;c:/users/msi 203vn/.vscode/mingw/bin/../lib/gcc/x86_64-w64-mingw32/11.2.0/../../../../x86_64-w64-mingw32/lib/../lib/;c:/users/msi 203vn/.vscode/mingw/bin/../lib/gcc/x86_64-w64-mingw32/11.2.0/../../../../lib/;c:/users/msi 203vn/.vscode/mingw/bin/../lib/gcc/x86_64-w64-mingw32/11.2.0/../../../../x86_64-w64-mingw32/lib/;c:/users/msi 203vn/.vscode/mingw/bin/../lib/gcc/x86_64-w64-mingw32/11.2.0/../../../

COLLECT_GCC_OPTIONS='-v' '-o' 'cmTC_ea414.exe' '-mtune=generic' '-march=x86-64' '-dumpdir' 'cmTC_ea414.'

 c:/users/msi 203vn/.vscode/mingw/bin/../libexec/gcc/x86_64-w64-mingw32/11.2.0/collect2.exe -plugin c:/users/msi 203vn/.vscode/mingw/bin/../libexec/gcc/x86_64-w64-mingw32/11.2.0/liblto_plugin.dll -plugin-opt=c:/users/msi 203vn/.vscode/mingw/bin/../libexec/gcc/x86_64-w64-mingw32/11.2.0/lto-wrapper.exe -plugin-opt=-fresolution=C:\Users\MSI203~1\AppData\Local\Temp\ccKaoZcE.res -plugin-opt=-pass-through=-lmingw32 -plugin-opt=-pass-through=-lgcc -plugin-opt=-pass-through=-lmoldname -plugin-opt=-pass-through=-lmingwex -plugin-opt=-pass-through=-lmsvcrt -plugin-opt=-pass-through=-lkernel32 -plugin-opt=-pass-through=-lpthread -plugin-opt=-pass-through=-ladvapi32 -plugin-opt=-pass-through=-lshell32 -plugin-opt=-pass-through=-luser32 -plugin-opt=-pass-through=-lkernel32 -plugin-opt=-pass-through=-lmingw32 -plugin-opt=-pass-through=-lgcc -plugin-opt=-pass-through=-lmoldname -plugin-opt=-pass-through=-lmingwex -plugin-opt=-pass-through=-lmsvcrt -plugin-opt=-pass-through=-lkernel32 --sysroot=C:/temp/gcc/dest -m i386pep -Bdynamic -o cmTC_ea414.exe c:/users/msi 203vn/.vscode/mingw/bin/../lib/gcc/x86_64-w64-mingw32/11.2.0/../../../../x86_64-w64-mingw32/lib/../lib/crt2.o c:/users/msi 203vn/.vscode/mingw/bin/../lib/gcc/x86_64-w64-mingw32/11.2.0/crtbegin.o -Lc:/users/msi 203vn/.vscode/mingw/bin/../lib/gcc/x86_64-w64-mingw32/11.2.0 -Lc:/users/msi 203vn/.vscode/mingw/bin/../lib/gcc -Lc:/users/msi 203vn/.vscode/mingw/bin/../lib/gcc/x86_64-w64-mingw32/11.2.0/../../../../x86_64-w64-mingw32/lib/../lib -Lc:/users/msi 203vn/.vscode/mingw/bin/../lib/gcc/x86_64-w64-mingw32/11.2.0/../../../../lib -Lc:/users/msi 203vn/.vscode/mingw/bin/../lib/gcc/x86_64-w64-mingw32/11.2.0/../../../../x86_64-w64-mingw32/lib -Lc:/users/msi 203vn/.vscode/mingw/bin/../lib/gcc/x86_64-w64-mingw32/11.2.0/../../.. --whole-archive CMakeFiles/cmTC_ea414.dir/objects.a --no-whole-archive --out-implib libcmTC_ea414.dll.a --major-image-version 0 --minor-image-version 0 -lstdc++ -lmingw32 -lgcc -lmoldname -lmingwex -lmsvcrt -lkernel32 -lpthread -ladvapi32 -lshell32 -luser32 -lkernel32 -lmingw32 -lgcc -lmoldname -lmingwex -lmsvcrt -lkernel32 c:/users/msi 203vn/.vscode/mingw/bin/../lib/gcc/x86_64-w64-mingw32/11.2.0/crtend.o

COLLECT_GCC_OPTIONS='-v' '-o' 'cmTC_ea414.exe' '-mtune=generic' '-march=x86-64' '-dumpdir' 'cmTC_ea414.'

make[1]: Leaving directory 'E:/CS162-project/build/CMakeFiles/CMakeScratch/TryCompile-harat8'




Parsed CXX implicit include dir info from above output: rv=done
  found start of include info
  found start of implicit include info
    add: [c:/users/msi 203vn/.vscode/mingw/bin/../lib/gcc/x86_64-w64-mingw32/11.2.0/../../../../include/c++/11.2.0]
    add: [c:/users/msi 203vn/.vscode/mingw/bin/../lib/gcc/x86_64-w64-mingw32/11.2.0/../../../../include/c++/11.2.0/x86_64-w64-mingw32]
    add: [c:/users/msi 203vn/.vscode/mingw/bin/../lib/gcc/x86_64-w64-mingw32/11.2.0/../../../../include/c++/11.2.0/backward]
    add: [c:/users/msi 203vn/.vscode/mingw/bin/../lib/gcc/x86_64-w64-mingw32/11.2.0/include]
    add: [c:/users/msi 203vn/.vscode/mingw/bin/../lib/gcc/x86_64-w64-mingw32/11.2.0/include-fixed]
    add: [c:/users/msi 203vn/.vscode/mingw/bin/../lib/gcc/x86_64-w64-mingw32/11.2.0/../../../../x86_64-w64-mingw32/include]
  end of search list found
  collapse include dir [c:/users/msi 203vn/.vscode/mingw/bin/../lib/gcc/x86_64-w64-mingw32/11.2.0/../../../../include/c++/11.2.0] ==> [C:/Users/MSI 203VN/.vscode/MinGW/include/c++/11.2.0]
  collapse include dir [c:/users/msi 203vn/.vscode/mingw/bin/../lib/gcc/x86_64-w64-mingw32/11.2.0/../../../../include/c++/11.2.0/x86_64-w64-mingw32] ==> [C:/Users/MSI 203VN/.vscode/MinGW/include/c++/11.2.0/x86_64-w64-mingw32]
  collapse include dir [c:/users/msi 203vn/.vscode/mingw/bin/../lib/gcc/x86_64-w64-mingw32/11.2.0/../../../../include/c++/11.2.0/backward] ==> [C:/Users/MSI 203VN/.vscode/MinGW/include/c++/11.2.0/backward]
  collapse include dir [c:/users/msi 203vn/.vscode/mingw/bin/../lib/gcc/x86_64-w64-mingw32/11.2.0/include] ==> [C:/Users/MSI 203VN/.vscode/MinGW/lib/gcc/x86_64-w64-mingw32/11.2.0/include]
  collapse include dir [c:/users/msi 203vn/.vscode/mingw/bin/../lib/gcc/x86_64-w64-mingw32/11.2.0/include-fixed] ==> [C:/Users/MSI 203VN/.vscode/MinGW/lib/gcc/x86_64-w64-mingw32/11.2.0/include-fixed]
  collapse include dir [c:/users/msi 203vn/.vscode/mingw/bin/../lib/gcc/x86_64-w64-mingw32/11.2.0/../../../../x86_64-w64-mingw32/include] ==> [C:/Users/MSI 203VN/.vscode/MinGW/x86_64-w64-mingw32/include]
  implicit include dirs: [C:/Users/MSI 203VN/.vscode/MinGW/include/c++/11.2.0;C:/Users/MSI 203VN/.vscode/MinGW/include/c++/11.2.0/x86_64-w64-mingw32;C:/Users/MSI 203VN/.vscode/MinGW/include/c++/11.2.0/backward;C:/Users/MSI 203VN/.vscode/MinGW/lib/gcc/x86_64-w64-mingw32/11.2.0/include;C:/Users/MSI 203VN/.vscode/MinGW/lib/gcc/x86_64-w64-mingw32/11.2.0/include-fixed;C:/Users/MSI 203VN/.vscode/MinGW/x86_64-w64-mingw32/include]


Parsed CXX implicit link information from above output:
  link line regex: [^( *|.*[/\])(ld\.exe|CMAKE_LINK_STARTFILE-NOTFOUND|([^/\]+-)?ld|collect2)[^/\]*( |$)]
  ignore line: [Change Dir: E:/CS162-project/build/CMakeFiles/CMakeScratch/TryCompile-harat8]
  ignore line: []
  ignore line: [Run Build Command(s):C:/Users/MSI203~1/VSCODE~1/MinGW/bin/make.exe -f Makefile cmTC_ea414/fast && C:/Users/MSI203~1/VSCODE~1/MinGW/bin/make.exe  -f CMakeFiles/cmTC_ea414.dir/build.make CMakeFiles/cmTC_ea414.dir/build]
  ignore line: [make[1]: Entering directory 'E:/CS162-project/build/CMakeFiles/CMakeScratch/TryCompile-harat8']
  ignore line: [Building CXX object CMakeFiles/cmTC_ea414.dir/CMakeCXXCompilerABI.cpp.obj]
  ignore line: ["C:/Users/MSI 203VN/.vscode/MinGW/bin/g++.exe"   -v -o CMakeFiles/cmTC_ea414.dir/CMakeCXXCompilerABI.cpp.obj -c "C:/Program Files/CMake/share/cmake-3.25/Modules/CMakeCXXCompilerABI.cpp"]
  ignore line: [Using built-in specs.]
  ignore line: [COLLECT_GCC=C:/Users/MSI 203VN/.vscode/MinGW/bin/g++.exe]
  ignore line: [Target: x86_64-w64-mingw32]
  ignore line: [Configured with: ../src/configure --enable-languages=c c++ --build=x86_64-w64-mingw32 --host=x86_64-w64-mingw32 --target=x86_64-w64-mingw32 --disable-multilib --prefix=/c/temp/gcc/dest --with-sysroot=/c/temp/gcc/dest --disable-libstdcxx-pch --disable-libstdcxx-verbose --disable-nls --disable-shared --disable-win32-registry --enable-threads=posix --enable-libgomp --with-zstd=/c/mingw --disable-bootstrap]
  ignore line: [Thread model: posix]
  ignore line: [Supported LTO compression algorithms: zlib zstd]
  ignore line: [gcc version 11.2.0 (GCC) ]
  ignore line: [COLLECT_GCC_OPTIONS='-v' '-o' 'CMakeFiles/cmTC_ea414.dir/CMakeCXXCompilerABI.cpp.obj' '-c' '-mtune=generic' '-march=x86-64' '-dumpdir' 'CMakeFiles/cmTC_ea414.dir/']
  ignore line: [ c:/users/msi 203vn/.vscode/mingw/bin/../libexec/gcc/x86_64-w64-mingw32/11.2.0/cc1plus.exe -quiet -v -iprefix c:\users\msi 203vn\.vscode\mingw\bin\../lib/gcc/x86_64-w64-mingw32/11.2.0/ -D_REENTRANT C:/Program Files/CMake/share/cmake-3.25/Modules/CMakeCXXCompilerABI.cpp -quiet -dumpdir CMakeFiles/cmTC_ea414.dir/ -dumpbase CMakeCXXCompilerABI.cpp.cpp -dumpbase-ext .cpp -mtune=generic -march=x86-64 -version -o C:\Users\MSI203~1\AppData\Local\Temp\cc2LRpTj.s]
  ignore line: [GNU C++17 (GCC) version 11.2.0 (x86_64-w64-mingw32)]
  ignore line: [	compiled by GNU C version 11.2.0  GMP version 6.2.1  MPFR version 4.1.0-p13  MPC version 1.2.1  isl version isl-0.24-GMP]
  ignore line: []
  ignore line: [GGC heuristics: --param ggc-min-expand=100 --param ggc-min-heapsize=131072]
  ignore line: [ignoring duplicate directory "c:/users/msi 203vn/.vscode/mingw/lib/gcc/../../lib/gcc/x86_64-w64-mingw32/11.2.0/../../../../include/c++/11.2.0"]
  ignore line: [ignoring duplicate directory "c:/users/msi 203vn/.vscode/mingw/lib/gcc/../../lib/gcc/x86_64-w64-mingw32/11.2.0/../../../../include/c++/11.2.0/x86_64-w64-mingw32"]
  ignore line: [ignoring duplicate directory "c:/users/msi 203vn/.vscode/mingw/lib/gcc/../../lib/gcc/x86_64-w64-mingw32/11.2.0/../../../../include/c++/11.2.0/backward"]
  ignore line: [ignoring duplicate directory "c:/users/msi 203vn/.vscode/mingw/lib/gcc/../../lib/gcc/x86_64-w64-mingw32/11.2.0/include"]
  ignore line: [ignoring nonexistent directory "C:/temp/gcc/destC:/temp/gcc/dest/lib/gcc/x86_64-w64-mingw32/11.2.0/../../../../include"]
  ignore line: [ignoring duplicate directory "c:/users/msi 203vn/.vscode/mingw/lib/gcc/../../lib/gcc/x86_64-w64-mingw32/11.2.0/include-fixed"]
  ignore line: [ignoring duplicate directory "c:/users/msi 203vn/.vscode/mingw/lib/gcc/../../lib/gcc/x86_64-w64-mingw32/11.2.0/../../../../x86_64-w64-mingw32/include"]
  ignore line: [ignoring nonexistent directory "C:/temp/gcc/dest/mingw/include"]
  ignore line: [#include "..." search starts here:]
  ignore line: [#include <...> search starts here:]
  ignore line: [ c:\users\msi 203vn\.vscode\mingw\bin\../lib/gcc/x86_64-w64-mingw32/11.2.0/../../../../include/c++/11.2.0]
  ignore line: [ c:\users\msi 203vn\.vscode\mingw\bin\../lib/gcc/x86_64-w64-mingw32/11.2.0/../../../../include/c++/11.2.0/x86_64-w64-mingw32]
  ignore line: [ c:\users\msi 203vn\.vscode\mingw\bin\../lib/gcc/x86_64-w64-mingw32/11.2.0/../../../../include/c++/11.2.0/backward]
  ignore line: [ c:\users\msi 203vn\.vscode\mingw\bin\../lib/gcc/x86_64-w64-mingw32/11.2.0/include]
  ignore line: [ c:\users\msi 203vn\.vscode\mingw\bin\../lib/gcc/x86_64-w64-mingw32/11.2.0/include-fixed]
  ignore line: [ c:\users\msi 203vn\.vscode\mingw\bin\../lib/gcc/x86_64-w64-mingw32/11.2.0/../../../../x86_64-w64-mingw32/include]
  ignore line: [End of search list.]
  ignore line: [GNU C++17 (GCC) version 11.2.0 (x86_64-w64-mingw32)]
  ignore line: [	compiled by GNU C version 11.2.0  GMP version 6.2.1  MPFR version 4.1.0-p13  MPC version 1.2.1  isl version isl-0.24-GMP]
  ignore line: []
  ignore line: [GGC heuristics: --param ggc-min-expand=100 --param ggc-min-heapsize=131072]
  ignore line: [Compiler executable checksum: 0020e270c5508fbf7dab225494ee95ff]
  ignore line: [COLLECT_GCC_OPTIONS='-v' '-o' 'CMakeFiles/cmTC_ea414.dir/CMakeCXXCompilerABI.cpp.obj' '-c' '-mtune=generic' '-march=x86-64' '-dumpdir' 'CMakeFiles/cmTC_ea414.dir/']
  ignore line: [ c:/users/msi 203vn/.vscode/mingw/bin/../lib/gcc/x86_64-w64-mingw32/11.2.0/../../../../x86_64-w64-mingw32/bin/as.exe -v -o CMakeFiles/cmTC_ea414.dir/CMakeCXXCompilerABI.cpp.obj C:\Users\MSI203~1\AppData\Local\Temp\cc2LRpTj.s]
  ignore line: [GNU assembler version 2.37 (x86_64-w64-mingw32) using BFD version (GNU Binutils) 2.37]
  ignore line: [COMPILER_PATH=c:/users/msi 203vn/.vscode/mingw/bin/../libexec/gcc/x86_64-w64-mingw32/11.2.0/]
  ignore line: [c:/users/msi 203vn/.vscode/mingw/bin/../libexec/gcc/]
  ignore line: [c:/users/msi 203vn/.vscode/mingw/bin/../lib/gcc/x86_64-w64-mingw32/11.2.0/../../../../x86_64-w64-mingw32/bin/]
  ignore line: [LIBRARY_PATH=c:/users/msi 203vn/.vscode/mingw/bin/../lib/gcc/x86_64-w64-mingw32/11.2.0/]
  ignore line: [c:/users/msi 203vn/.vscode/mingw/bin/../lib/gcc/]
  ignore line: [c:/users/msi 203vn/.vscode/mingw/bin/../lib/gcc/x86_64-w64-mingw32/11.2.0/../../../../x86_64-w64-mingw32/lib/../lib/]
  ignore line: [c:/users/msi 203vn/.vscode/mingw/bin/../lib/gcc/x86_64-w64-mingw32/11.2.0/../../../../lib/]
  ignore line: [c:/users/msi 203vn/.vscode/mingw/bin/../lib/gcc/x86_64-w64-mingw32/11.2.0/../../../../x86_64-w64-mingw32/lib/]
  ignore line: [c:/users/msi 203vn/.vscode/mingw/bin/../lib/gcc/x86_64-w64-mingw32/11.2.0/../../../]
  ignore line: [COLLECT_GCC_OPTIONS='-v' '-o' 'CMakeFiles/cmTC_ea414.dir/CMakeCXXCompilerABI.cpp.obj' '-c' '-mtune=generic' '-march=x86-64' '-dumpdir' 'CMakeFiles/cmTC_ea414.dir/CMakeCXXCompilerABI.cpp.']
  ignore line: [Linking CXX executable cmTC_ea414.exe]
  ignore line: ["C:/Program Files/CMake/bin/cmake.exe" -E rm -f CMakeFiles/cmTC_ea414.dir/objects.a]
  ignore line: ["C:/Users/MSI 203VN/.vscode/MinGW/bin/ar.exe" qc CMakeFiles/cmTC_ea414.dir/objects.a @CMakeFiles/cmTC_ea414.dir/objects1]
  ignore line: ["C:/Users/MSI 203VN/.vscode/MinGW/bin/g++.exe"  -v -Wl --whole-archive CMakeFiles/cmTC_ea414.dir/objects.a -Wl --no-whole-archive -o cmTC_ea414.exe -Wl --out-implib libcmTC_ea414.dll.a -Wl --major-image-version 0 --minor-image-version 0 ]
  ignore line: [Using built-in specs.]
  ignore line: [COLLECT_GCC=C:/Users/MSI 203VN/.vscode/MinGW/bin/g++.exe]
  ignore line: [COLLECT_LTO_WRAPPER=c:/users/msi\ 203vn/.vscode/mingw/bin/../libexec/gcc/x86_64-w64-mingw32/11.2.0/lto-wrapper.exe]
  ignore line: [Target: x86_64-w64-mingw32]
  ignore line: [Configured with: ../src/configure --enable-languages=c c++ --build=x86_64-w64-mingw32 --host=x86_64-w64-mingw32 --target=x86_64-w64-mingw32 --disable-multilib --prefix=/c/temp/gcc/dest --with-sysroot=/c/temp/gcc/dest --disable-libstdcxx-pch --disable-libstdcxx-verbose --disable-nls --disable-shared --disable-win32-registry --enable-threads=posix --enable-libgomp --with-zstd=/c/mingw --disable-bootstrap]
  ignore line: [Thread model: posix]
  ignore line: [Supported LTO compression algorithms: zlib zstd]
  ignore line: [gcc version 11.2.0 (GCC) ]
  ignore line: [COMPILER_PATH=c:/users/msi 203vn/.vscode/mingw/bin/../libexec/gcc/x86_64-w64-mingw32/11.2.0/]
  ignore line: [c:/users/msi 203vn/.vscode/mingw/bin/../libexec/gcc/]
  ignore line: [c:/users/msi 203vn/.vscode/mingw/bin/../lib/gcc/x86_64-w64-mingw32/11.2.0/../../../../x86_64-w64-mingw32/bin/]
  ignore line: [LIBRARY_PATH=c:/users/msi 203vn/.vscode/mingw/bin/../lib/gcc/x86_64-w64-mingw32/11.2.0/]
  ignore line: [c:/users/msi 203vn/.vscode/mingw/bin/../lib/gcc/]
  ignore line: [c:/users/msi 203vn/.vscode/mingw/bin/../lib/gcc/x86_64-w64-mingw32/11.2.0/../../../../x86_64-w64-mingw32/lib/../lib/]
  ignore line: [c:/users/msi 203vn/.vscode/mingw/bin/../lib/gcc/x86_64-w64-mingw32/11.2.0/../../../../lib/]
  ignore line: [c:/users/msi 203vn/.vscode/mingw/bin/../lib/gcc/x86_64-w64-mingw32/11.2.0/../../../../x86_64-w64-mingw32/lib/]
  ignore line: [c:/users/msi 203vn/.vscode/mingw/bin/../lib/gcc/x86_64-w64-mingw32/11.2.0/../../../]
  ignore line: [COLLECT_GCC_OPTIONS='-v' '-o' 'cmTC_ea414.exe' '-mtune=generic' '-march=x86-64' '-dumpdir' 'cmTC_ea414.']
  ignore line: [ c:/users/msi 203vn/.vscode/mingw/bin/../libexec/gcc/x86_64-w64-mingw32/11.2.0/collect2.exe -plugin c:/users/msi 203vn/.vscode/mingw/bin/../libexec/gcc/x86_64-w64-mingw32/11.2.0/liblto_plugin.dll -plugin-opt=c:/users/msi 203vn/.vscode/mingw/bin/../libexec/gcc/x86_64-w64-mingw32/11.2.0/lto-wrapper.exe -plugin-opt=-fresolution=C:\Users\MSI203~1\AppData\Local\Temp\ccKaoZcE.res -plugin-opt=-pass-through=-lmingw32 -plugin-opt=-pass-through=-lgcc -plugin-opt=-pass-through=-lmoldname -plugin-opt=-pass-through=-lmingwex -plugin-opt=-pass-through=-lmsvcrt -plugin-opt=-pass-through=-lkernel32 -plugin-opt=-pass-through=-lpthread -plugin-opt=-pass-through=-ladvapi32 -plugin-opt=-pass-through=-lshell32 -plugin-opt=-pass-through=-luser32 -plugin-opt=-pass-through=-lkernel32 -plugin-opt=-pass-through=-lmingw32 -plugin-opt=-pass-through=-lgcc -plugin-opt=-pass-through=-lmoldname -plugin-opt=-pass-through=-lmingwex -plugin-opt=-pass-through=-lmsvcrt -plugin-opt=-pass-through=-lkernel32 --sysroot=C:/temp/gcc/dest -m i386pep -Bdynamic -o cmTC_ea414.exe c:/users/msi 203vn/.vscode/mingw/bin/../lib/gcc/x86_64-w64-mingw32/11.2.0/../../../../x86_64-w64-mingw32/lib/../lib/crt2.o c:/users/msi 203vn/.vscode/mingw/bin/../lib/gcc/x86_64-w64-mingw32/11.2.0/crtbegin.o -Lc:/users/msi 203vn/.vscode/mingw/bin/../lib/gcc/x86_64-w64-mingw32/11.2.0 -Lc:/users/msi 203vn/.vscode/mingw/bin/../lib/gcc -Lc:/users/msi 203vn/.vscode/mingw/bin/../lib/gcc/x86_64-w64-mingw32/11.2.0/../../../../x86_64-w64-mingw32/lib/../lib -Lc:/users/msi 203vn/.vscode/mingw/bin/../lib/gcc/x86_64-w64-mingw32/11.2.0/../../../../lib -Lc:/users/msi 203vn/.vscode/mingw/bin/../lib/gcc/x86_64-w64-mingw32/11.2.0/../../../../x86_64-w64-mingw32/lib -Lc:/users/msi 203vn/.vscode/mingw/bin/../lib/gcc/x86_64-w64-mingw32/11.2.0/../../.. --whole-archive CMakeFiles/cmTC_ea414.dir/objects.a --no-whole-archive --out-implib libcmTC_ea414.dll.a --major-image-version 0 --minor-image-version 0 -lstdc++ -lmingw32 -lgcc -lmoldname -lmingwex -lmsvcrt -lkernel32 -lpthread -ladvapi32 -lshell32 -luser32 -lkernel32 -lmingw32 -lgcc -lmoldname -lmingwex -lmsvcrt -lkernel32 c:/users/msi 203vn/.vscode/mingw/bin/../lib/gcc/x86_64-w64-mingw32/11.2.0/crtend.o]
  ignore line: [COLLECT_GCC_OPTIONS='-v' '-o' 'cmTC_ea414.exe' '-mtune=generic' '-march=x86-64' '-dumpdir' 'cmTC_ea414.']
  ignore line: [make[1]: Leaving directory 'E:/CS162-project/build/CMakeFiles/CMakeScratch/TryCompile-harat8']
  ignore line: []
  ignore line: []
  implicit libs: []
  implicit objs: []
  implicit dirs: []
  implicit fwks: []


Performing C SOURCE FILE Test COMPILER_HAS_THOSE_TOGGLES succeeded with the following output:
Change Dir: E:/CS162-project/build/CMakeFiles/CMakeScratch/TryCompile-xrl1lm

Run Build Command(s):C:/Users/MSI203~1/VSCODE~1/MinGW/bin/make.exe -f Makefile cmTC_73922/fast && C:/Users/MSI203~1/VSCODE~1/MinGW/bin/make.exe  -f CMakeFiles/cmTC_73922.dir/build.make CMakeFiles/cmTC_73922.dir/build

make[1]: Entering directory 'E:/CS162-project/build/CMakeFiles/CMakeScratch/TryCompile-xrl1lm'

Building C object CMakeFiles/cmTC_73922.dir/src.c.obj

"C:/Users/MSI 203VN/.vscode/MinGW/bin/gcc.exe" -DCOMPILER_HAS_THOSE_TOGGLES  -Werror=pointer-arith -o CMakeFiles/cmTC_73922.dir/src.c.obj -c E:/CS162-project/build/CMakeFiles/CMakeScratch/TryCompile-xrl1lm/src.c

Linking C executable cmTC_73922.exe

"C:/Program Files/CMake/bin/cmake.exe" -E rm -f CMakeFiles/cmTC_73922.dir/objects.a

"C:/Users/MSI 203VN/.vscode/MinGW/bin/ar.exe" qc CMakeFiles/cmTC_73922.dir/objects.a @CMakeFiles/cmTC_73922.dir/objects1

"C:/Users/MSI 203VN/.vscode/MinGW/bin/gcc.exe" -Wl,--whole-archive CMakeFiles/cmTC_73922.dir/objects.a -Wl,--no-whole-archive -o cmTC_73922.exe -Wl,--out-implib,libcmTC_73922.dll.a -Wl,--major-image-version,0,--minor-image-version,0 @CMakeFiles/cmTC_73922.dir/linkLibs.rsp

make[1]: Leaving directory 'E:/CS162-project/build/CMakeFiles/CMakeScratch/TryCompile-xrl1lm'



Source file was:
int main(void) { return 0; }

Performing C SOURCE FILE Test CMAKE_HAVE_LIBC_PTHREAD succeeded with the following output:
Change Dir: E:/CS162-project/build/CMakeFiles/CMakeScratch/TryCompile-y80fct

Run Build Command(s):C:/Users/MSI203~1/VSCODE~1/MinGW/bin/make.exe -f Makefile cmTC_a10c4/fast && C:/Users/MSI203~1/VSCODE~1/MinGW/bin/make.exe  -f CMakeFiles/cmTC_a10c4.dir/build.make CMakeFiles/cmTC_a10c4.dir/build

make[1]: Entering directory 'E:/CS162-project/build/CMakeFiles/CMakeScratch/TryCompile-y80fct'

Building C object CMakeFiles/cmTC_a10c4.dir/src.c.obj

"C:/Users/MSI 203VN/.vscode/MinGW/bin/gcc.exe" -DCMAKE_HAVE_LIBC_PTHREAD  -fno-strict-aliasing -Werror=implicit-function-declaration -Werror=pointer-arith   -o CMakeFiles/cmTC_a10c4.dir/src.c.obj -c E:/CS162-project/build/CMakeFiles/CMakeScratch/TryCompile-y80fct/src.c

Linking C executable cmTC_a10c4.exe

"C:/Program Files/CMake/bin/cmake.exe" -E rm -f CMakeFiles/cmTC_a10c4.dir/objects.a

"C:/Users/MSI 203VN/.vscode/MinGW/bin/ar.exe" qc CMakeFiles/cmTC_a10c4.dir/objects.a @CMakeFiles/cmTC_a10c4.dir/objects1

"C:/Users/MSI 203VN/.vscode/MinGW/bin/gcc.exe" -fno-strict-aliasing -Werror=implicit-function-declaration -Werror=pointer-arith   -Wl,--whole-archive CMakeFiles/cmTC_a10c4.dir/objects.a -Wl,--no-whole-archive -o cmTC_a10c4.exe -Wl,--out-implib,libcmTC_a10c4.dll.a -Wl,--major-image-version,0,--minor-image-version,0 @CMakeFiles/cmTC_a10c4.dir/linkLibs.rsp

make[1]: Leaving directory 'E:/CS162-project/build/CMakeFiles/CMakeScratch/TryCompile-y80fct'



Source file was:
#include <pthread.h>

static void* test_func(void* data)
{
  return data;
}

int main(void)
{
  pthread_t thread;
  pthread_create(&thread, NULL, test_func, NULL);
  pthread_detach(thread);
  pthread_cancel(thread);
  pthread_join(thread, NULL);
  pthread_atfork(NULL, NULL, NULL);
  pthread_exit(NULL);

  return 0;
}


Determining if the include file dinput.h exists passed with the following output:
Change Dir: E:/CS162-project/build/CMakeFiles/CMakeScratch/TryCompile-ir73k1

Run Build Command(s):C:/Users/MSI203~1/VSCODE~1/MinGW/bin/make.exe -f Makefile cmTC_384cf/fast && C:/Users/MSI203~1/VSCODE~1/MinGW/bin/make.exe  -f CMakeFiles/cmTC_384cf.dir/build.make CMakeFiles/cmTC_384cf.dir/build

make[1]: Entering directory 'E:/CS162-project/build/CMakeFiles/CMakeScratch/TryCompile-ir73k1'

Building C object CMakeFiles/cmTC_384cf.dir/CheckIncludeFile.c.obj

"C:/Users/MSI 203VN/.vscode/MinGW/bin/gcc.exe"   -fno-strict-aliasing -Werror=implicit-function-declaration -Werror=pointer-arith   -std=gnu99 -o CMakeFiles/cmTC_384cf.dir/CheckIncludeFile.c.obj -c E:/CS162-project/build/CMakeFiles/CMakeScratch/TryCompile-ir73k1/CheckIncludeFile.c

Linking C executable cmTC_384cf.exe

"C:/Program Files/CMake/bin/cmake.exe" -E rm -f CMakeFiles/cmTC_384cf.dir/objects.a

"C:/Users/MSI 203VN/.vscode/MinGW/bin/ar.exe" qc CMakeFiles/cmTC_384cf.dir/objects.a @CMakeFiles/cmTC_384cf.dir/objects1

"C:/Users/MSI 203VN/.vscode/MinGW/bin/gcc.exe" -fno-strict-aliasing -Werror=implicit-function-declaration -Werror=pointer-arith   -Wl,--whole-archive CMakeFiles/cmTC_384cf.dir/objects.a -Wl,--no-whole-archive -o cmTC_384cf.exe -Wl,--out-implib,libcmTC_384cf.dll.a -Wl,--major-image-version,0,--minor-image-version,0 @CMakeFiles/cmTC_384cf.dir/linkLibs.rsp

make[1]: Leaving directory 'E:/CS162-project/build/CMakeFiles/CMakeScratch/TryCompile-ir73k1'




Determining if the include file xinput.h exists passed with the following output:
Change Dir: E:/CS162-project/build/CMakeFiles/CMakeScratch/TryCompile-24viur

Run Build Command(s):C:/Users/MSI203~1/VSCODE~1/MinGW/bin/make.exe -f Makefile cmTC_ef261/fast && C:/Users/MSI203~1/VSCODE~1/MinGW/bin/make.exe  -f CMakeFiles/cmTC_ef261.dir/build.make CMakeFiles/cmTC_ef261.dir/build

make[1]: Entering directory 'E:/CS162-project/build/CMakeFiles/CMakeScratch/TryCompile-24viur'

Building C object CMakeFiles/cmTC_ef261.dir/CheckIncludeFile.c.obj

"C:/Users/MSI 203VN/.vscode/MinGW/bin/gcc.exe"   -fno-strict-aliasing -Werror=implicit-function-declaration -Werror=pointer-arith   -std=gnu99 -o CMakeFiles/cmTC_ef261.dir/CheckIncludeFile.c.obj -c E:/CS162-project/build/CMakeFiles/CMakeScratch/TryCompile-24viur/CheckIncludeFile.c

Linking C executable cmTC_ef261.exe

"C:/Program Files/CMake/bin/cmake.exe" -E rm -f CMakeFiles/cmTC_ef261.dir/objects.a

"C:/Users/MSI 203VN/.vscode/MinGW/bin/ar.exe" qc CMakeFiles/cmTC_ef261.dir/objects.a @CMakeFiles/cmTC_ef261.dir/objects1

"C:/Users/MSI 203VN/.vscode/MinGW/bin/gcc.exe" -fno-strict-aliasing -Werror=implicit-function-declaration -Werror=pointer-arith   -Wl,--whole-archive CMakeFiles/cmTC_ef261.dir/objects.a -Wl,--no-whole-archive -o cmTC_ef261.exe -Wl,--out-implib,libcmTC_ef261.dll.a -Wl,--major-image-version,0,--minor-image-version,0 @CMakeFiles/cmTC_ef261.dir/linkLibs.rsp

make[1]: Leaving directory 'E:/CS162-project/build/CMakeFiles/CMakeScratch/TryCompile-24viur'




The system is: Darwin - 21.6.0 - arm64
Compiling the C compiler identification source file "CMakeCCompilerId.c" succeeded.
Compiler: /usr/bin/clang 
Build flags: 
Id flags:  

The output was:
0


Compilation of the C compiler identification source "CMakeCCompilerId.c" produced "a.out"

The C compiler identification is AppleClang, found in "/Users/win/Documents/Stupid subjects/CS162/CS162-project/build/CMakeFiles/3.25.3/CompilerIdC/a.out"

Compiling the CXX compiler identification source file "CMakeCXXCompilerId.cpp" succeeded.
Compiler: /usr/bin/clang++ 
Build flags: 
Id flags:  

The output was:
0


Compilation of the CXX compiler identification source "CMakeCXXCompilerId.cpp" produced "a.out"

The CXX compiler identification is AppleClang, found in "/Users/win/Documents/Stupid subjects/CS162/CS162-project/build/CMakeFiles/3.25.3/CompilerIdCXX/a.out"

Detecting C compiler ABI info compiled with the following output:
Change Dir: /Users/win/Documents/Stupid subjects/CS162/CS162-project/build/CMakeFiles/CMakeScratch/TryCompile-slE9Yv

Run Build Command(s):/usr/bin/make -f Makefile cmTC_3a2e1/fast && /Library/Developer/CommandLineTools/usr/bin/make  -f CMakeFiles/cmTC_3a2e1.dir/build.make CMakeFiles/cmTC_3a2e1.dir/build
Building C object CMakeFiles/cmTC_3a2e1.dir/CMakeCCompilerABI.c.o
/usr/bin/clang   -arch arm64 -isysroot /Library/Developer/CommandLineTools/SDKs/MacOSX12.3.sdk   -v -Wl,-v -MD -MT CMakeFiles/cmTC_3a2e1.dir/CMakeCCompilerABI.c.o -MF CMakeFiles/cmTC_3a2e1.dir/CMakeCCompilerABI.c.o.d -o CMakeFiles/cmTC_3a2e1.dir/CMakeCCompilerABI.c.o -c /opt/homebrew/Cellar/cmake/3.25.3/share/cmake/Modules/CMakeCCompilerABI.c
Apple clang version 13.1.6 (clang-1316.0.21.2.5)
Target: arm64-apple-darwin21.6.0
Thread model: posix
InstalledDir: /Library/Developer/CommandLineTools/usr/bin
clang: warning: -Wl,-v: 'linker' input unused [-Wunused-command-line-argument]
 "/Library/Developer/CommandLineTools/usr/bin/clang" -cc1 -triple arm64-apple-macosx12.0.0 -Wundef-prefix=TARGET_OS_ -Wdeprecated-objc-isa-usage -Werror=deprecated-objc-isa-usage -Werror=implicit-function-declaration -emit-obj -mrelax-all --mrelax-relocations -disable-free -disable-llvm-verifier -discard-value-names -main-file-name CMakeCCompilerABI.c -mrelocation-model pic -pic-level 2 -mframe-pointer=non-leaf -fno-strict-return -fno-rounding-math -munwind-tables -target-sdk-version=12.3 -fvisibility-inlines-hidden-static-local-var -target-cpu apple-m1 -target-feature +v8.5a -target-feature +fp-armv8 -target-feature +neon -target-feature +crc -target-feature +crypto -target-feature +dotprod -target-feature +fp16fml -target-feature +ras -target-feature +lse -target-feature +rdm -target-feature +rcpc -target-feature +zcm -target-feature +zcz -target-feature +fullfp16 -target-feature +sm4 -target-feature +sha3 -target-feature +sha2 -target-feature +aes -target-abi darwinpcs -fallow-half-arguments-and-returns -debugger-tuning=lldb -target-linker-version 763 -v -resource-dir /Library/Developer/CommandLineTools/usr/lib/clang/13.1.6 -dependency-file CMakeFiles/cmTC_3a2e1.dir/CMakeCCompilerABI.c.o.d -skip-unused-modulemap-deps -MT CMakeFiles/cmTC_3a2e1.dir/CMakeCCompilerABI.c.o -sys-header-deps -isysroot /Library/Developer/CommandLineTools/SDKs/MacOSX12.3.sdk -internal-isystem /Library/Developer/CommandLineTools/SDKs/MacOSX12.3.sdk/usr/local/include -internal-isystem /Library/Developer/CommandLineTools/usr/lib/clang/13.1.6/include -internal-externc-isystem /Library/Developer/CommandLineTools/SDKs/MacOSX12.3.sdk/usr/include -internal-externc-isystem /Library/Developer/CommandLineTools/usr/include -Wno-reorder-init-list -Wno-implicit-int-float-conversion -Wno-c99-designator -Wno-final-dtor-non-final-class -Wno-extra-semi-stmt -Wno-misleading-indentation -Wno-quoted-include-in-framework-header -Wno-implicit-fallthrough -Wno-enum-enum-conversion -Wno-enum-float-conversion -Wno-elaborated-enum-base -Wno-reserved-identifier -Wno-gnu-folding-constant -Wno-objc-load-method "-fdebug-compilation-dir=/Users/win/Documents/Stupid subjects/CS162/CS162-project/build/CMakeFiles/CMakeScratch/TryCompile-slE9Yv" -ferror-limit 19 -stack-protector 1 -fstack-check -mdarwin-stkchk-strong-link -fblocks -fencode-extended-block-signature -fregister-global-dtors-with-atexit -fgnuc-version=4.2.1 -fmax-type-align=16 -fcommon -clang-vendor-feature=+messageToSelfInClassMethodIdReturnType -clang-vendor-feature=+disableInferNewAvailabilityFromInit -clang-vendor-feature=+disableNonDependentMemberExprInCurrentInstantiation -fno-odr-hash-protocols -clang-vendor-feature=+enableAggressiveVLAFolding -clang-vendor-feature=+revert09abecef7bbf -clang-vendor-feature=+thisNoAlignAttr -clang-vendor-feature=+thisNoNullAttr -mllvm -disable-aligned-alloc-awareness=1 -D__GCC_HAVE_DWARF2_CFI_ASM=1 -o CMakeFiles/cmTC_3a2e1.dir/CMakeCCompilerABI.c.o -x c /opt/homebrew/Cellar/cmake/3.25.3/share/cmake/Modules/CMakeCCompilerABI.c
clang -cc1 version 13.1.6 (clang-1316.0.21.2.5) default target arm64-apple-darwin21.6.0
ignoring nonexistent directory "/Library/Developer/CommandLineTools/SDKs/MacOSX12.3.sdk/usr/local/include"
ignoring nonexistent directory "/Library/Developer/CommandLineTools/SDKs/MacOSX12.3.sdk/Library/Frameworks"
#include "..." search starts here:
#include <...> search starts here:
 /Library/Developer/CommandLineTools/usr/lib/clang/13.1.6/include
 /Library/Developer/CommandLineTools/SDKs/MacOSX12.3.sdk/usr/include
 /Library/Developer/CommandLineTools/usr/include
 /Library/Developer/CommandLineTools/SDKs/MacOSX12.3.sdk/System/Library/Frameworks (framework directory)
End of search list.
Linking C executable cmTC_3a2e1
/opt/homebrew/Cellar/cmake/3.25.3/bin/cmake -E cmake_link_script CMakeFiles/cmTC_3a2e1.dir/link.txt --verbose=1
/usr/bin/clang  -arch arm64 -isysroot /Library/Developer/CommandLineTools/SDKs/MacOSX12.3.sdk -Wl,-search_paths_first -Wl,-headerpad_max_install_names  -v -Wl,-v CMakeFiles/cmTC_3a2e1.dir/CMakeCCompilerABI.c.o -o cmTC_3a2e1 
Apple clang version 13.1.6 (clang-1316.0.21.2.5)
Target: arm64-apple-darwin21.6.0
Thread model: posix
InstalledDir: /Library/Developer/CommandLineTools/usr/bin
 "/Library/Developer/CommandLineTools/usr/bin/ld" -demangle -lto_library /Library/Developer/CommandLineTools/usr/lib/libLTO.dylib -dynamic -arch arm64 -platform_version macos 12.0.0 12.3 -syslibroot /Library/Developer/CommandLineTools/SDKs/MacOSX12.3.sdk -o cmTC_3a2e1 -search_paths_first -headerpad_max_install_names -v CMakeFiles/cmTC_3a2e1.dir/CMakeCCompilerABI.c.o -lSystem /Library/Developer/CommandLineTools/usr/lib/clang/13.1.6/lib/darwin/libclang_rt.osx.a
@(#)PROGRAM:ld  PROJECT:ld64-764
BUILD 11:22:55 Apr 28 2022
configured to support archs: armv6 armv7 armv7s arm64 arm64e arm64_32 i386 x86_64 x86_64h armv6m armv7k armv7m armv7em
Library search paths:
	/Library/Developer/CommandLineTools/SDKs/MacOSX12.3.sdk/usr/lib
Framework search paths:
	/Library/Developer/CommandLineTools/SDKs/MacOSX12.3.sdk/System/Library/Frameworks/



Parsed C implicit include dir info from above output: rv=done
  found start of include info
  found start of implicit include info
    add: [/Library/Developer/CommandLineTools/usr/lib/clang/13.1.6/include]
    add: [/Library/Developer/CommandLineTools/SDKs/MacOSX12.3.sdk/usr/include]
    add: [/Library/Developer/CommandLineTools/usr/include]
  end of search list found
  collapse include dir [/Library/Developer/CommandLineTools/usr/lib/clang/13.1.6/include] ==> [/Library/Developer/CommandLineTools/usr/lib/clang/13.1.6/include]
  collapse include dir [/Library/Developer/CommandLineTools/SDKs/MacOSX12.3.sdk/usr/include] ==> [/Library/Developer/CommandLineTools/SDKs/MacOSX12.3.sdk/usr/include]
  collapse include dir [/Library/Developer/CommandLineTools/usr/include] ==> [/Library/Developer/CommandLineTools/usr/include]
  implicit include dirs: [/Library/Developer/CommandLineTools/usr/lib/clang/13.1.6/include;/Library/Developer/CommandLineTools/SDKs/MacOSX12.3.sdk/usr/include;/Library/Developer/CommandLineTools/usr/include]


Parsed C implicit link information from above output:
  link line regex: [^( *|.*[/\])(ld|CMAKE_LINK_STARTFILE-NOTFOUND|([^/\]+-)?ld|collect2)[^/\]*( |$)]
  ignore line: [Change Dir: /Users/win/Documents/Stupid subjects/CS162/CS162-project/build/CMakeFiles/CMakeScratch/TryCompile-slE9Yv]
  ignore line: []
  ignore line: [Run Build Command(s):/usr/bin/make -f Makefile cmTC_3a2e1/fast && /Library/Developer/CommandLineTools/usr/bin/make  -f CMakeFiles/cmTC_3a2e1.dir/build.make CMakeFiles/cmTC_3a2e1.dir/build]
  ignore line: [Building C object CMakeFiles/cmTC_3a2e1.dir/CMakeCCompilerABI.c.o]
  ignore line: [/usr/bin/clang   -arch arm64 -isysroot /Library/Developer/CommandLineTools/SDKs/MacOSX12.3.sdk   -v -Wl -v -MD -MT CMakeFiles/cmTC_3a2e1.dir/CMakeCCompilerABI.c.o -MF CMakeFiles/cmTC_3a2e1.dir/CMakeCCompilerABI.c.o.d -o CMakeFiles/cmTC_3a2e1.dir/CMakeCCompilerABI.c.o -c /opt/homebrew/Cellar/cmake/3.25.3/share/cmake/Modules/CMakeCCompilerABI.c]
  ignore line: [Apple clang version 13.1.6 (clang-1316.0.21.2.5)]
  ignore line: [Target: arm64-apple-darwin21.6.0]
  ignore line: [Thread model: posix]
  ignore line: [InstalledDir: /Library/Developer/CommandLineTools/usr/bin]
  ignore line: [clang: warning: -Wl -v: 'linker' input unused [-Wunused-command-line-argument]]
  ignore line: [ "/Library/Developer/CommandLineTools/usr/bin/clang" -cc1 -triple arm64-apple-macosx12.0.0 -Wundef-prefix=TARGET_OS_ -Wdeprecated-objc-isa-usage -Werror=deprecated-objc-isa-usage -Werror=implicit-function-declaration -emit-obj -mrelax-all --mrelax-relocations -disable-free -disable-llvm-verifier -discard-value-names -main-file-name CMakeCCompilerABI.c -mrelocation-model pic -pic-level 2 -mframe-pointer=non-leaf -fno-strict-return -fno-rounding-math -munwind-tables -target-sdk-version=12.3 -fvisibility-inlines-hidden-static-local-var -target-cpu apple-m1 -target-feature +v8.5a -target-feature +fp-armv8 -target-feature +neon -target-feature +crc -target-feature +crypto -target-feature +dotprod -target-feature +fp16fml -target-feature +ras -target-feature +lse -target-feature +rdm -target-feature +rcpc -target-feature +zcm -target-feature +zcz -target-feature +fullfp16 -target-feature +sm4 -target-feature +sha3 -target-feature +sha2 -target-feature +aes -target-abi darwinpcs -fallow-half-arguments-and-returns -debugger-tuning=lldb -target-linker-version 763 -v -resource-dir /Library/Developer/CommandLineTools/usr/lib/clang/13.1.6 -dependency-file CMakeFiles/cmTC_3a2e1.dir/CMakeCCompilerABI.c.o.d -skip-unused-modulemap-deps -MT CMakeFiles/cmTC_3a2e1.dir/CMakeCCompilerABI.c.o -sys-header-deps -isysroot /Library/Developer/CommandLineTools/SDKs/MacOSX12.3.sdk -internal-isystem /Library/Developer/CommandLineTools/SDKs/MacOSX12.3.sdk/usr/local/include -internal-isystem /Library/Developer/CommandLineTools/usr/lib/clang/13.1.6/include -internal-externc-isystem /Library/Developer/CommandLineTools/SDKs/MacOSX12.3.sdk/usr/include -internal-externc-isystem /Library/Developer/CommandLineTools/usr/include -Wno-reorder-init-list -Wno-implicit-int-float-conversion -Wno-c99-designator -Wno-final-dtor-non-final-class -Wno-extra-semi-stmt -Wno-misleading-indentation -Wno-quoted-include-in-framework-header -Wno-implicit-fallthrough -Wno-enum-enum-conversion -Wno-enum-float-conversion -Wno-elaborated-enum-base -Wno-reserved-identifier -Wno-gnu-folding-constant -Wno-objc-load-method "-fdebug-compilation-dir=/Users/win/Documents/Stupid subjects/CS162/CS162-project/build/CMakeFiles/CMakeScratch/TryCompile-slE9Yv" -ferror-limit 19 -stack-protector 1 -fstack-check -mdarwin-stkchk-strong-link -fblocks -fencode-extended-block-signature -fregister-global-dtors-with-atexit -fgnuc-version=4.2.1 -fmax-type-align=16 -fcommon -clang-vendor-feature=+messageToSelfInClassMethodIdReturnType -clang-vendor-feature=+disableInferNewAvailabilityFromInit -clang-vendor-feature=+disableNonDependentMemberExprInCurrentInstantiation -fno-odr-hash-protocols -clang-vendor-feature=+enableAggressiveVLAFolding -clang-vendor-feature=+revert09abecef7bbf -clang-vendor-feature=+thisNoAlignAttr -clang-vendor-feature=+thisNoNullAttr -mllvm -disable-aligned-alloc-awareness=1 -D__GCC_HAVE_DWARF2_CFI_ASM=1 -o CMakeFiles/cmTC_3a2e1.dir/CMakeCCompilerABI.c.o -x c /opt/homebrew/Cellar/cmake/3.25.3/share/cmake/Modules/CMakeCCompilerABI.c]
  ignore line: [clang -cc1 version 13.1.6 (clang-1316.0.21.2.5) default target arm64-apple-darwin21.6.0]
  ignore line: [ignoring nonexistent directory "/Library/Developer/CommandLineTools/SDKs/MacOSX12.3.sdk/usr/local/include"]
  ignore line: [ignoring nonexistent directory "/Library/Developer/CommandLineTools/SDKs/MacOSX12.3.sdk/Library/Frameworks"]
  ignore line: [#include "..." search starts here:]
  ignore line: [#include <...> search starts here:]
  ignore line: [ /Library/Developer/CommandLineTools/usr/lib/clang/13.1.6/include]
  ignore line: [ /Library/Developer/CommandLineTools/SDKs/MacOSX12.3.sdk/usr/include]
  ignore line: [ /Library/Developer/CommandLineTools/usr/include]
  ignore line: [ /Library/Developer/CommandLineTools/SDKs/MacOSX12.3.sdk/System/Library/Frameworks (framework directory)]
  ignore line: [End of search list.]
  ignore line: [Linking C executable cmTC_3a2e1]
  ignore line: [/opt/homebrew/Cellar/cmake/3.25.3/bin/cmake -E cmake_link_script CMakeFiles/cmTC_3a2e1.dir/link.txt --verbose=1]
  ignore line: [/usr/bin/clang  -arch arm64 -isysroot /Library/Developer/CommandLineTools/SDKs/MacOSX12.3.sdk -Wl -search_paths_first -Wl -headerpad_max_install_names  -v -Wl -v CMakeFiles/cmTC_3a2e1.dir/CMakeCCompilerABI.c.o -o cmTC_3a2e1 ]
  ignore line: [Apple clang version 13.1.6 (clang-1316.0.21.2.5)]
  ignore line: [Target: arm64-apple-darwin21.6.0]
  ignore line: [Thread model: posix]
  ignore line: [InstalledDir: /Library/Developer/CommandLineTools/usr/bin]
  link line: [ "/Library/Developer/CommandLineTools/usr/bin/ld" -demangle -lto_library /Library/Developer/CommandLineTools/usr/lib/libLTO.dylib -dynamic -arch arm64 -platform_version macos 12.0.0 12.3 -syslibroot /Library/Developer/CommandLineTools/SDKs/MacOSX12.3.sdk -o cmTC_3a2e1 -search_paths_first -headerpad_max_install_names -v CMakeFiles/cmTC_3a2e1.dir/CMakeCCompilerABI.c.o -lSystem /Library/Developer/CommandLineTools/usr/lib/clang/13.1.6/lib/darwin/libclang_rt.osx.a]
    arg [/Library/Developer/CommandLineTools/usr/bin/ld] ==> ignore
    arg [-demangle] ==> ignore
    arg [-lto_library] ==> ignore, skip following value
    arg [/Library/Developer/CommandLineTools/usr/lib/libLTO.dylib] ==> skip value of -lto_library
    arg [-dynamic] ==> ignore
    arg [-arch] ==> ignore
    arg [arm64] ==> ignore
    arg [-platform_version] ==> ignore
    arg [macos] ==> ignore
    arg [12.0.0] ==> ignore
    arg [12.3] ==> ignore
    arg [-syslibroot] ==> ignore
    arg [/Library/Developer/CommandLineTools/SDKs/MacOSX12.3.sdk] ==> ignore
    arg [-o] ==> ignore
    arg [cmTC_3a2e1] ==> ignore
    arg [-search_paths_first] ==> ignore
    arg [-headerpad_max_install_names] ==> ignore
    arg [-v] ==> ignore
    arg [CMakeFiles/cmTC_3a2e1.dir/CMakeCCompilerABI.c.o] ==> ignore
    arg [-lSystem] ==> lib [System]
    arg [/Library/Developer/CommandLineTools/usr/lib/clang/13.1.6/lib/darwin/libclang_rt.osx.a] ==> lib [/Library/Developer/CommandLineTools/usr/lib/clang/13.1.6/lib/darwin/libclang_rt.osx.a]
  Library search paths: [;/Library/Developer/CommandLineTools/SDKs/MacOSX12.3.sdk/usr/lib]
  Framework search paths: [;/Library/Developer/CommandLineTools/SDKs/MacOSX12.3.sdk/System/Library/Frameworks/]
  remove lib [System]
  remove lib [/Library/Developer/CommandLineTools/usr/lib/clang/13.1.6/lib/darwin/libclang_rt.osx.a]
  collapse library dir [/Library/Developer/CommandLineTools/SDKs/MacOSX12.3.sdk/usr/lib] ==> [/Library/Developer/CommandLineTools/SDKs/MacOSX12.3.sdk/usr/lib]
  collapse framework dir [/Library/Developer/CommandLineTools/SDKs/MacOSX12.3.sdk/System/Library/Frameworks/] ==> [/Library/Developer/CommandLineTools/SDKs/MacOSX12.3.sdk/System/Library/Frameworks]
  implicit libs: []
  implicit objs: []
  implicit dirs: [/Library/Developer/CommandLineTools/SDKs/MacOSX12.3.sdk/usr/lib]
  implicit fwks: [/Library/Developer/CommandLineTools/SDKs/MacOSX12.3.sdk/System/Library/Frameworks]


Detecting CXX compiler ABI info compiled with the following output:
Change Dir: /Users/win/Documents/Stupid subjects/CS162/CS162-project/build/CMakeFiles/CMakeScratch/TryCompile-zi0xdg

Run Build Command(s):/usr/bin/make -f Makefile cmTC_85dc7/fast && /Library/Developer/CommandLineTools/usr/bin/make  -f CMakeFiles/cmTC_85dc7.dir/build.make CMakeFiles/cmTC_85dc7.dir/build
Building CXX object CMakeFiles/cmTC_85dc7.dir/CMakeCXXCompilerABI.cpp.o
/usr/bin/clang++   -arch arm64 -isysroot /Library/Developer/CommandLineTools/SDKs/MacOSX12.3.sdk   -v -Wl,-v -MD -MT CMakeFiles/cmTC_85dc7.dir/CMakeCXXCompilerABI.cpp.o -MF CMakeFiles/cmTC_85dc7.dir/CMakeCXXCompilerABI.cpp.o.d -o CMakeFiles/cmTC_85dc7.dir/CMakeCXXCompilerABI.cpp.o -c /opt/homebrew/Cellar/cmake/3.25.3/share/cmake/Modules/CMakeCXXCompilerABI.cpp
Apple clang version 13.1.6 (clang-1316.0.21.2.5)
Target: arm64-apple-darwin21.6.0
Thread model: posix
InstalledDir: /Library/Developer/CommandLineTools/usr/bin
clang: warning: -Wl,-v: 'linker' input unused [-Wunused-command-line-argument]
 "/Library/Developer/CommandLineTools/usr/bin/clang" -cc1 -triple arm64-apple-macosx12.0.0 -Wundef-prefix=TARGET_OS_ -Wdeprecated-objc-isa-usage -Werror=deprecated-objc-isa-usage -Werror=implicit-function-declaration -emit-obj -mrelax-all --mrelax-relocations -disable-free -disable-llvm-verifier -discard-value-names -main-file-name CMakeCXXCompilerABI.cpp -mrelocation-model pic -pic-level 2 -mframe-pointer=non-leaf -fno-strict-return -fno-rounding-math -munwind-tables -target-sdk-version=12.3 -fvisibility-inlines-hidden-static-local-var -target-cpu apple-m1 -target-feature +v8.5a -target-feature +fp-armv8 -target-feature +neon -target-feature +crc -target-feature +crypto -target-feature +dotprod -target-feature +fp16fml -target-feature +ras -target-feature +lse -target-feature +rdm -target-feature +rcpc -target-feature +zcm -target-feature +zcz -target-feature +fullfp16 -target-feature +sm4 -target-feature +sha3 -target-feature +sha2 -target-feature +aes -target-abi darwinpcs -fallow-half-arguments-and-returns -debugger-tuning=lldb -target-linker-version 763 -v -resource-dir /Library/Developer/CommandLineTools/usr/lib/clang/13.1.6 -dependency-file CMakeFiles/cmTC_85dc7.dir/CMakeCXXCompilerABI.cpp.o.d -skip-unused-modulemap-deps -MT CMakeFiles/cmTC_85dc7.dir/CMakeCXXCompilerABI.cpp.o -sys-header-deps -isysroot /Library/Developer/CommandLineTools/SDKs/MacOSX12.3.sdk -stdlib=libc++ -internal-isystem /Library/Developer/CommandLineTools/SDKs/MacOSX12.3.sdk/usr/include/c++/v1 -internal-isystem /Library/Developer/CommandLineTools/SDKs/MacOSX12.3.sdk/usr/local/include -internal-isystem /Library/Developer/CommandLineTools/usr/lib/clang/13.1.6/include -internal-externc-isystem /Library/Developer/CommandLineTools/SDKs/MacOSX12.3.sdk/usr/include -internal-externc-isystem /Library/Developer/CommandLineTools/usr/include -Wno-reorder-init-list -Wno-implicit-int-float-conversion -Wno-c99-designator -Wno-final-dtor-non-final-class -Wno-extra-semi-stmt -Wno-misleading-indentation -Wno-quoted-include-in-framework-header -Wno-implicit-fallthrough -Wno-enum-enum-conversion -Wno-enum-float-conversion -Wno-elaborated-enum-base -Wno-reserved-identifier -Wno-gnu-folding-constant -Wno-objc-load-method -fdeprecated-macro "-fdebug-compilation-dir=/Users/win/Documents/Stupid subjects/CS162/CS162-project/build/CMakeFiles/CMakeScratch/TryCompile-zi0xdg" -ferror-limit 19 -stack-protector 1 -fstack-check -mdarwin-stkchk-strong-link -fblocks -fencode-extended-block-signature -fregister-global-dtors-with-atexit -fgnuc-version=4.2.1 -fno-cxx-modules -fcxx-exceptions -fexceptions -fmax-type-align=16 -fcommon -clang-vendor-feature=+messageToSelfInClassMethodIdReturnType -clang-vendor-feature=+disableInferNewAvailabilityFromInit -clang-vendor-feature=+disableNonDependentMemberExprInCurrentInstantiation -fno-odr-hash-protocols -clang-vendor-feature=+enableAggressiveVLAFolding -clang-vendor-feature=+revert09abecef7bbf -clang-vendor-feature=+thisNoAlignAttr -clang-vendor-feature=+thisNoNullAttr -mllvm -disable-aligned-alloc-awareness=1 -D__GCC_HAVE_DWARF2_CFI_ASM=1 -o CMakeFiles/cmTC_85dc7.dir/CMakeCXXCompilerABI.cpp.o -x c++ /opt/homebrew/Cellar/cmake/3.25.3/share/cmake/Modules/CMakeCXXCompilerABI.cpp
clang -cc1 version 13.1.6 (clang-1316.0.21.2.5) default target arm64-apple-darwin21.6.0
ignoring nonexistent directory "/Library/Developer/CommandLineTools/SDKs/MacOSX12.3.sdk/usr/local/include"
ignoring nonexistent directory "/Library/Developer/CommandLineTools/SDKs/MacOSX12.3.sdk/Library/Frameworks"
#include "..." search starts here:
#include <...> search starts here:
 /Library/Developer/CommandLineTools/SDKs/MacOSX12.3.sdk/usr/include/c++/v1
 /Library/Developer/CommandLineTools/usr/lib/clang/13.1.6/include
 /Library/Developer/CommandLineTools/SDKs/MacOSX12.3.sdk/usr/include
 /Library/Developer/CommandLineTools/usr/include
 /Library/Developer/CommandLineTools/SDKs/MacOSX12.3.sdk/System/Library/Frameworks (framework directory)
End of search list.
Linking CXX executable cmTC_85dc7
/opt/homebrew/Cellar/cmake/3.25.3/bin/cmake -E cmake_link_script CMakeFiles/cmTC_85dc7.dir/link.txt --verbose=1
/usr/bin/clang++  -arch arm64 -isysroot /Library/Developer/CommandLineTools/SDKs/MacOSX12.3.sdk -Wl,-search_paths_first -Wl,-headerpad_max_install_names  -v -Wl,-v CMakeFiles/cmTC_85dc7.dir/CMakeCXXCompilerABI.cpp.o -o cmTC_85dc7 
Apple clang version 13.1.6 (clang-1316.0.21.2.5)
Target: arm64-apple-darwin21.6.0
Thread model: posix
InstalledDir: /Library/Developer/CommandLineTools/usr/bin
 "/Library/Developer/CommandLineTools/usr/bin/ld" -demangle -lto_library /Library/Developer/CommandLineTools/usr/lib/libLTO.dylib -dynamic -arch arm64 -platform_version macos 12.0.0 12.3 -syslibroot /Library/Developer/CommandLineTools/SDKs/MacOSX12.3.sdk -o cmTC_85dc7 -search_paths_first -headerpad_max_install_names -v CMakeFiles/cmTC_85dc7.dir/CMakeCXXCompilerABI.cpp.o -lc++ -lSystem /Library/Developer/CommandLineTools/usr/lib/clang/13.1.6/lib/darwin/libclang_rt.osx.a
@(#)PROGRAM:ld  PROJECT:ld64-764
BUILD 11:22:55 Apr 28 2022
configured to support archs: armv6 armv7 armv7s arm64 arm64e arm64_32 i386 x86_64 x86_64h armv6m armv7k armv7m armv7em
Library search paths:
	/Library/Developer/CommandLineTools/SDKs/MacOSX12.3.sdk/usr/lib
Framework search paths:
	/Library/Developer/CommandLineTools/SDKs/MacOSX12.3.sdk/System/Library/Frameworks/



Parsed CXX implicit include dir info from above output: rv=done
  found start of include info
  found start of implicit include info
    add: [/Library/Developer/CommandLineTools/SDKs/MacOSX12.3.sdk/usr/include/c++/v1]
    add: [/Library/Developer/CommandLineTools/usr/lib/clang/13.1.6/include]
    add: [/Library/Developer/CommandLineTools/SDKs/MacOSX12.3.sdk/usr/include]
    add: [/Library/Developer/CommandLineTools/usr/include]
  end of search list found
  collapse include dir [/Library/Developer/CommandLineTools/SDKs/MacOSX12.3.sdk/usr/include/c++/v1] ==> [/Library/Developer/CommandLineTools/SDKs/MacOSX12.3.sdk/usr/include/c++/v1]
  collapse include dir [/Library/Developer/CommandLineTools/usr/lib/clang/13.1.6/include] ==> [/Library/Developer/CommandLineTools/usr/lib/clang/13.1.6/include]
  collapse include dir [/Library/Developer/CommandLineTools/SDKs/MacOSX12.3.sdk/usr/include] ==> [/Library/Developer/CommandLineTools/SDKs/MacOSX12.3.sdk/usr/include]
  collapse include dir [/Library/Developer/CommandLineTools/usr/include] ==> [/Library/Developer/CommandLineTools/usr/include]
  implicit include dirs: [/Library/Developer/CommandLineTools/SDKs/MacOSX12.3.sdk/usr/include/c++/v1;/Library/Developer/CommandLineTools/usr/lib/clang/13.1.6/include;/Library/Developer/CommandLineTools/SDKs/MacOSX12.3.sdk/usr/include;/Library/Developer/CommandLineTools/usr/include]


Parsed CXX implicit link information from above output:
  link line regex: [^( *|.*[/\])(ld|CMAKE_LINK_STARTFILE-NOTFOUND|([^/\]+-)?ld|collect2)[^/\]*( |$)]
  ignore line: [Change Dir: /Users/win/Documents/Stupid subjects/CS162/CS162-project/build/CMakeFiles/CMakeScratch/TryCompile-zi0xdg]
  ignore line: []
  ignore line: [Run Build Command(s):/usr/bin/make -f Makefile cmTC_85dc7/fast && /Library/Developer/CommandLineTools/usr/bin/make  -f CMakeFiles/cmTC_85dc7.dir/build.make CMakeFiles/cmTC_85dc7.dir/build]
  ignore line: [Building CXX object CMakeFiles/cmTC_85dc7.dir/CMakeCXXCompilerABI.cpp.o]
  ignore line: [/usr/bin/clang++   -arch arm64 -isysroot /Library/Developer/CommandLineTools/SDKs/MacOSX12.3.sdk   -v -Wl -v -MD -MT CMakeFiles/cmTC_85dc7.dir/CMakeCXXCompilerABI.cpp.o -MF CMakeFiles/cmTC_85dc7.dir/CMakeCXXCompilerABI.cpp.o.d -o CMakeFiles/cmTC_85dc7.dir/CMakeCXXCompilerABI.cpp.o -c /opt/homebrew/Cellar/cmake/3.25.3/share/cmake/Modules/CMakeCXXCompilerABI.cpp]
  ignore line: [Apple clang version 13.1.6 (clang-1316.0.21.2.5)]
  ignore line: [Target: arm64-apple-darwin21.6.0]
  ignore line: [Thread model: posix]
  ignore line: [InstalledDir: /Library/Developer/CommandLineTools/usr/bin]
  ignore line: [clang: warning: -Wl -v: 'linker' input unused [-Wunused-command-line-argument]]
  ignore line: [ "/Library/Developer/CommandLineTools/usr/bin/clang" -cc1 -triple arm64-apple-macosx12.0.0 -Wundef-prefix=TARGET_OS_ -Wdeprecated-objc-isa-usage -Werror=deprecated-objc-isa-usage -Werror=implicit-function-declaration -emit-obj -mrelax-all --mrelax-relocations -disable-free -disable-llvm-verifier -discard-value-names -main-file-name CMakeCXXCompilerABI.cpp -mrelocation-model pic -pic-level 2 -mframe-pointer=non-leaf -fno-strict-return -fno-rounding-math -munwind-tables -target-sdk-version=12.3 -fvisibility-inlines-hidden-static-local-var -target-cpu apple-m1 -target-feature +v8.5a -target-feature +fp-armv8 -target-feature +neon -target-feature +crc -target-feature +crypto -target-feature +dotprod -target-feature +fp16fml -target-feature +ras -target-feature +lse -target-feature +rdm -target-feature +rcpc -target-feature +zcm -target-feature +zcz -target-feature +fullfp16 -target-feature +sm4 -target-feature +sha3 -target-feature +sha2 -target-feature +aes -target-abi darwinpcs -fallow-half-arguments-and-returns -debugger-tuning=lldb -target-linker-version 763 -v -resource-dir /Library/Developer/CommandLineTools/usr/lib/clang/13.1.6 -dependency-file CMakeFiles/cmTC_85dc7.dir/CMakeCXXCompilerABI.cpp.o.d -skip-unused-modulemap-deps -MT CMakeFiles/cmTC_85dc7.dir/CMakeCXXCompilerABI.cpp.o -sys-header-deps -isysroot /Library/Developer/CommandLineTools/SDKs/MacOSX12.3.sdk -stdlib=libc++ -internal-isystem /Library/Developer/CommandLineTools/SDKs/MacOSX12.3.sdk/usr/include/c++/v1 -internal-isystem /Library/Developer/CommandLineTools/SDKs/MacOSX12.3.sdk/usr/local/include -internal-isystem /Library/Developer/CommandLineTools/usr/lib/clang/13.1.6/include -internal-externc-isystem /Library/Developer/CommandLineTools/SDKs/MacOSX12.3.sdk/usr/include -internal-externc-isystem /Library/Developer/CommandLineTools/usr/include -Wno-reorder-init-list -Wno-implicit-int-float-conversion -Wno-c99-designator -Wno-final-dtor-non-final-class -Wno-extra-semi-stmt -Wno-misleading-indentation -Wno-quoted-include-in-framework-header -Wno-implicit-fallthrough -Wno-enum-enum-conversion -Wno-enum-float-conversion -Wno-elaborated-enum-base -Wno-reserved-identifier -Wno-gnu-folding-constant -Wno-objc-load-method -fdeprecated-macro "-fdebug-compilation-dir=/Users/win/Documents/Stupid subjects/CS162/CS162-project/build/CMakeFiles/CMakeScratch/TryCompile-zi0xdg" -ferror-limit 19 -stack-protector 1 -fstack-check -mdarwin-stkchk-strong-link -fblocks -fencode-extended-block-signature -fregister-global-dtors-with-atexit -fgnuc-version=4.2.1 -fno-cxx-modules -fcxx-exceptions -fexceptions -fmax-type-align=16 -fcommon -clang-vendor-feature=+messageToSelfInClassMethodIdReturnType -clang-vendor-feature=+disableInferNewAvailabilityFromInit -clang-vendor-feature=+disableNonDependentMemberExprInCurrentInstantiation -fno-odr-hash-protocols -clang-vendor-feature=+enableAggressiveVLAFolding -clang-vendor-feature=+revert09abecef7bbf -clang-vendor-feature=+thisNoAlignAttr -clang-vendor-feature=+thisNoNullAttr -mllvm -disable-aligned-alloc-awareness=1 -D__GCC_HAVE_DWARF2_CFI_ASM=1 -o CMakeFiles/cmTC_85dc7.dir/CMakeCXXCompilerABI.cpp.o -x c++ /opt/homebrew/Cellar/cmake/3.25.3/share/cmake/Modules/CMakeCXXCompilerABI.cpp]
  ignore line: [clang -cc1 version 13.1.6 (clang-1316.0.21.2.5) default target arm64-apple-darwin21.6.0]
  ignore line: [ignoring nonexistent directory "/Library/Developer/CommandLineTools/SDKs/MacOSX12.3.sdk/usr/local/include"]
  ignore line: [ignoring nonexistent directory "/Library/Developer/CommandLineTools/SDKs/MacOSX12.3.sdk/Library/Frameworks"]
  ignore line: [#include "..." search starts here:]
  ignore line: [#include <...> search starts here:]
  ignore line: [ /Library/Developer/CommandLineTools/SDKs/MacOSX12.3.sdk/usr/include/c++/v1]
  ignore line: [ /Library/Developer/CommandLineTools/usr/lib/clang/13.1.6/include]
  ignore line: [ /Library/Developer/CommandLineTools/SDKs/MacOSX12.3.sdk/usr/include]
  ignore line: [ /Library/Developer/CommandLineTools/usr/include]
  ignore line: [ /Library/Developer/CommandLineTools/SDKs/MacOSX12.3.sdk/System/Library/Frameworks (framework directory)]
  ignore line: [End of search list.]
  ignore line: [Linking CXX executable cmTC_85dc7]
  ignore line: [/opt/homebrew/Cellar/cmake/3.25.3/bin/cmake -E cmake_link_script CMakeFiles/cmTC_85dc7.dir/link.txt --verbose=1]
  ignore line: [/usr/bin/clang++  -arch arm64 -isysroot /Library/Developer/CommandLineTools/SDKs/MacOSX12.3.sdk -Wl -search_paths_first -Wl -headerpad_max_install_names  -v -Wl -v CMakeFiles/cmTC_85dc7.dir/CMakeCXXCompilerABI.cpp.o -o cmTC_85dc7 ]
  ignore line: [Apple clang version 13.1.6 (clang-1316.0.21.2.5)]
  ignore line: [Target: arm64-apple-darwin21.6.0]
  ignore line: [Thread model: posix]
  ignore line: [InstalledDir: /Library/Developer/CommandLineTools/usr/bin]
  link line: [ "/Library/Developer/CommandLineTools/usr/bin/ld" -demangle -lto_library /Library/Developer/CommandLineTools/usr/lib/libLTO.dylib -dynamic -arch arm64 -platform_version macos 12.0.0 12.3 -syslibroot /Library/Developer/CommandLineTools/SDKs/MacOSX12.3.sdk -o cmTC_85dc7 -search_paths_first -headerpad_max_install_names -v CMakeFiles/cmTC_85dc7.dir/CMakeCXXCompilerABI.cpp.o -lc++ -lSystem /Library/Developer/CommandLineTools/usr/lib/clang/13.1.6/lib/darwin/libclang_rt.osx.a]
    arg [/Library/Developer/CommandLineTools/usr/bin/ld] ==> ignore
    arg [-demangle] ==> ignore
    arg [-lto_library] ==> ignore, skip following value
    arg [/Library/Developer/CommandLineTools/usr/lib/libLTO.dylib] ==> skip value of -lto_library
    arg [-dynamic] ==> ignore
    arg [-arch] ==> ignore
    arg [arm64] ==> ignore
    arg [-platform_version] ==> ignore
    arg [macos] ==> ignore
    arg [12.0.0] ==> ignore
    arg [12.3] ==> ignore
    arg [-syslibroot] ==> ignore
    arg [/Library/Developer/CommandLineTools/SDKs/MacOSX12.3.sdk] ==> ignore
    arg [-o] ==> ignore
    arg [cmTC_85dc7] ==> ignore
    arg [-search_paths_first] ==> ignore
    arg [-headerpad_max_install_names] ==> ignore
    arg [-v] ==> ignore
    arg [CMakeFiles/cmTC_85dc7.dir/CMakeCXXCompilerABI.cpp.o] ==> ignore
    arg [-lc++] ==> lib [c++]
    arg [-lSystem] ==> lib [System]
    arg [/Library/Developer/CommandLineTools/usr/lib/clang/13.1.6/lib/darwin/libclang_rt.osx.a] ==> lib [/Library/Developer/CommandLineTools/usr/lib/clang/13.1.6/lib/darwin/libclang_rt.osx.a]
  Library search paths: [;/Library/Developer/CommandLineTools/SDKs/MacOSX12.3.sdk/usr/lib]
  Framework search paths: [;/Library/Developer/CommandLineTools/SDKs/MacOSX12.3.sdk/System/Library/Frameworks/]
  remove lib [System]
  remove lib [/Library/Developer/CommandLineTools/usr/lib/clang/13.1.6/lib/darwin/libclang_rt.osx.a]
  collapse library dir [/Library/Developer/CommandLineTools/SDKs/MacOSX12.3.sdk/usr/lib] ==> [/Library/Developer/CommandLineTools/SDKs/MacOSX12.3.sdk/usr/lib]
  collapse framework dir [/Library/Developer/CommandLineTools/SDKs/MacOSX12.3.sdk/System/Library/Frameworks/] ==> [/Library/Developer/CommandLineTools/SDKs/MacOSX12.3.sdk/System/Library/Frameworks]
  implicit libs: [c++]
  implicit objs: []
  implicit dirs: [/Library/Developer/CommandLineTools/SDKs/MacOSX12.3.sdk/usr/lib]
  implicit fwks: [/Library/Developer/CommandLineTools/SDKs/MacOSX12.3.sdk/System/Library/Frameworks]


Performing C SOURCE FILE Test COMPILER_HAS_THOSE_TOGGLES succeeded with the following output:
Change Dir: /Users/win/Documents/Stupid subjects/CS162/CS162-project/build/CMakeFiles/CMakeScratch/TryCompile-Bp1ezP

Run Build Command(s):/usr/bin/make -f Makefile cmTC_4a8b6/fast && /Library/Developer/CommandLineTools/usr/bin/make  -f CMakeFiles/cmTC_4a8b6.dir/build.make CMakeFiles/cmTC_4a8b6.dir/build
Building C object CMakeFiles/cmTC_4a8b6.dir/src.c.o
/usr/bin/clang -DCOMPILER_HAS_THOSE_TOGGLES  -arch arm64 -isysroot /Library/Developer/CommandLineTools/SDKs/MacOSX12.3.sdk   -Werror=pointer-arith -MD -MT CMakeFiles/cmTC_4a8b6.dir/src.c.o -MF CMakeFiles/cmTC_4a8b6.dir/src.c.o.d -o CMakeFiles/cmTC_4a8b6.dir/src.c.o -c "/Users/win/Documents/Stupid subjects/CS162/CS162-project/build/CMakeFiles/CMakeScratch/TryCompile-Bp1ezP/src.c"
Linking C executable cmTC_4a8b6
/opt/homebrew/Cellar/cmake/3.25.3/bin/cmake -E cmake_link_script CMakeFiles/cmTC_4a8b6.dir/link.txt --verbose=1
/usr/bin/clang  -arch arm64 -isysroot /Library/Developer/CommandLineTools/SDKs/MacOSX12.3.sdk -Wl,-search_paths_first -Wl,-headerpad_max_install_names CMakeFiles/cmTC_4a8b6.dir/src.c.o -o cmTC_4a8b6 


Source file was:
int main(void) { return 0; }

Performing C SOURCE FILE Test CMAKE_HAVE_LIBC_PTHREAD succeeded with the following output:
Change Dir: /Users/win/Documents/Stupid subjects/CS162/CS162-project/build/CMakeFiles/CMakeScratch/TryCompile-K6uW8I

Run Build Command(s):/usr/bin/make -f Makefile cmTC_ccaa3/fast && /Library/Developer/CommandLineTools/usr/bin/make  -f CMakeFiles/cmTC_ccaa3.dir/build.make CMakeFiles/cmTC_ccaa3.dir/build
Building C object CMakeFiles/cmTC_ccaa3.dir/src.c.o
/usr/bin/clang -DCMAKE_HAVE_LIBC_PTHREAD  -fno-strict-aliasing -Werror=implicit-function-declaration -Werror=pointer-arith   -arch arm64 -isysroot /Library/Developer/CommandLineTools/SDKs/MacOSX12.3.sdk -MD -MT CMakeFiles/cmTC_ccaa3.dir/src.c.o -MF CMakeFiles/cmTC_ccaa3.dir/src.c.o.d -o CMakeFiles/cmTC_ccaa3.dir/src.c.o -c "/Users/win/Documents/Stupid subjects/CS162/CS162-project/build/CMakeFiles/CMakeScratch/TryCompile-K6uW8I/src.c"
Linking C executable cmTC_ccaa3
/opt/homebrew/Cellar/cmake/3.25.3/bin/cmake -E cmake_link_script CMakeFiles/cmTC_ccaa3.dir/link.txt --verbose=1
/usr/bin/clang -fno-strict-aliasing -Werror=implicit-function-declaration -Werror=pointer-arith   -arch arm64 -isysroot /Library/Developer/CommandLineTools/SDKs/MacOSX12.3.sdk -Wl,-search_paths_first -Wl,-headerpad_max_install_names CMakeFiles/cmTC_ccaa3.dir/src.c.o -o cmTC_ccaa3 


Source file was:
#include <pthread.h>

static void* test_func(void* data)
{
  return data;
}

int main(void)
{
  pthread_t thread;
  pthread_create(&thread, NULL, test_func, NULL);
  pthread_detach(thread);
  pthread_cancel(thread);
  pthread_join(thread, NULL);
  pthread_atfork(NULL, NULL, NULL);
  pthread_exit(NULL);

  return 0;
}


